{"timestamp":"2026-02-24T17:13:33.760009Z","level":"info","event":"Filling up the DagBag from /opt/airflow/dags/dag_ecommerce_olist.py","logger":"airflow.models.dagbag.BundleDagBag","filename":"dagbag.py","lineno":593}
{"timestamp":"2026-02-24T17:13:33.987270Z","level":"info","event":"connection: postgresql://airflow:airflow@postgres:5432/db_ecommerce","logger":"task.stdout"}
{"timestamp":"2026-02-24T17:13:33.987580Z","level":"info","event":"--- Lendo dados da Gold: data/gold/fact_orders.parquet ---","logger":"task.stdout"}
{"timestamp":"2026-02-24T17:13:35.209064Z","level":"info","event":"--- Conectando ao Postgres e Iniciando Carga ---","logger":"task.stdout"}
{"timestamp":"2026-02-24T17:13:35.178096Z","level":"error","event":"Failed to import: /opt/airflow/dags/dag_ecommerce_olist.py","logger":"airflow.models.dagbag.BundleDagBag","filename":"dagbag.py","lineno":415,"error_detail":[{"exc_type":"TypeError","exc_value":"DAG.__init__() got an unexpected keyword argument 'schedule_interval'","exc_notes":[],"syntax_error":null,"is_cause":false,"frames":[{"filename":"/home/airflow/.local/lib/python3.12/site-packages/airflow/models/dagbag.py","lineno":405,"name":"parse"},{"filename":"<frozen importlib._bootstrap_external>","lineno":999,"name":"exec_module"},{"filename":"<frozen importlib._bootstrap>","lineno":488,"name":"_call_with_frames_removed"},{"filename":"/opt/airflow/dags/dag_ecommerce_olist.py","lineno":66,"name":"<module>"},{"filename":"/home/airflow/.local/lib/python3.12/site-packages/airflow/sdk/definitions/dag.py","lineno":1541,"name":"factory"}],"is_group":false,"exceptions":[]}]}
{"timestamp":"2026-02-24T17:13:35.182853Z","level":"warning","event":"The `airflow.decorators.dag` attribute is deprecated. Please use `'airflow.sdk.dag'`.","category":"DeprecatedImportWarning","filename":"/opt/airflow/dags/dag_ecommerce_olist.py","lineno":5,"logger":"py.warnings"}
{"timestamp":"2026-02-24T17:13:35.183159Z","level":"warning","event":"The `airflow.decorators.task` attribute is deprecated. Please use `'airflow.sdk.task'`.","category":"DeprecatedImportWarning","filename":"/opt/airflow/dags/dag_ecommerce_olist.py","lineno":5,"logger":"py.warnings"}
{"timestamp":"2026-02-24T17:14:05.992157Z","level":"info","event":"Filling up the DagBag from /opt/airflow/dags/dag_ecommerce_olist.py","logger":"airflow.models.dagbag.BundleDagBag","filename":"dagbag.py","lineno":593}
{"timestamp":"2026-02-24T17:14:06.283855Z","level":"info","event":"connection: postgresql://airflow:airflow@postgres:5432/db_ecommerce","logger":"task.stdout"}
{"timestamp":"2026-02-24T17:14:06.284255Z","level":"info","event":"--- Lendo dados da Gold: data/gold/fact_orders.parquet ---","logger":"task.stdout"}
{"timestamp":"2026-02-24T17:14:07.884416Z","level":"info","event":"--- Conectando ao Postgres e Iniciando Carga ---","logger":"task.stdout"}
{"timestamp":"2026-02-24T17:14:07.807048Z","level":"error","event":"Failed to import: /opt/airflow/dags/dag_ecommerce_olist.py","logger":"airflow.models.dagbag.BundleDagBag","filename":"dagbag.py","lineno":415,"error_detail":[{"exc_type":"TypeError","exc_value":"DAG.__init__() got an unexpected keyword argument 'schedule_interval'","exc_notes":[],"syntax_error":null,"is_cause":false,"frames":[{"filename":"/home/airflow/.local/lib/python3.12/site-packages/airflow/models/dagbag.py","lineno":405,"name":"parse"},{"filename":"<frozen importlib._bootstrap_external>","lineno":999,"name":"exec_module"},{"filename":"<frozen importlib._bootstrap>","lineno":488,"name":"_call_with_frames_removed"},{"filename":"/opt/airflow/dags/dag_ecommerce_olist.py","lineno":66,"name":"<module>"},{"filename":"/home/airflow/.local/lib/python3.12/site-packages/airflow/sdk/definitions/dag.py","lineno":1541,"name":"factory"}],"is_group":false,"exceptions":[]}]}
{"timestamp":"2026-02-24T17:14:07.812116Z","level":"warning","event":"The `airflow.decorators.dag` attribute is deprecated. Please use `'airflow.sdk.dag'`.","category":"DeprecatedImportWarning","filename":"/opt/airflow/dags/dag_ecommerce_olist.py","lineno":5,"logger":"py.warnings"}
{"timestamp":"2026-02-24T17:14:07.812736Z","level":"warning","event":"The `airflow.decorators.task` attribute is deprecated. Please use `'airflow.sdk.task'`.","category":"DeprecatedImportWarning","filename":"/opt/airflow/dags/dag_ecommerce_olist.py","lineno":5,"logger":"py.warnings"}
{"timestamp":"2026-02-24T17:14:38.362561Z","level":"info","event":"Filling up the DagBag from /opt/airflow/dags/dag_ecommerce_olist.py","logger":"airflow.models.dagbag.BundleDagBag","filename":"dagbag.py","lineno":593}
{"timestamp":"2026-02-24T17:14:38.957047Z","level":"info","event":"connection: postgresql://airflow:airflow@postgres:5432/db_ecommerce","logger":"task.stdout"}
{"timestamp":"2026-02-24T17:14:38.969074Z","level":"info","event":"--- Lendo dados da Gold: data/gold/fact_orders.parquet ---","logger":"task.stdout"}
{"timestamp":"2026-02-24T17:14:42.584396Z","level":"info","event":"--- Conectando ao Postgres e Iniciando Carga ---","logger":"task.stdout"}
{"timestamp":"2026-02-24T17:14:42.601902Z","level":"error","event":"Failed to import: /opt/airflow/dags/dag_ecommerce_olist.py","logger":"airflow.models.dagbag.BundleDagBag","filename":"dagbag.py","lineno":415,"error_detail":[{"exc_type":"TypeError","exc_value":"DAG.__init__() got an unexpected keyword argument 'schedule_interval'","exc_notes":[],"syntax_error":null,"is_cause":false,"frames":[{"filename":"/home/airflow/.local/lib/python3.12/site-packages/airflow/models/dagbag.py","lineno":405,"name":"parse"},{"filename":"<frozen importlib._bootstrap_external>","lineno":999,"name":"exec_module"},{"filename":"<frozen importlib._bootstrap>","lineno":488,"name":"_call_with_frames_removed"},{"filename":"/opt/airflow/dags/dag_ecommerce_olist.py","lineno":66,"name":"<module>"},{"filename":"/home/airflow/.local/lib/python3.12/site-packages/airflow/sdk/definitions/dag.py","lineno":1541,"name":"factory"}],"is_group":false,"exceptions":[]}]}
{"timestamp":"2026-02-24T17:14:42.634126Z","level":"warning","event":"The `airflow.decorators.dag` attribute is deprecated. Please use `'airflow.sdk.dag'`.","category":"DeprecatedImportWarning","filename":"/opt/airflow/dags/dag_ecommerce_olist.py","lineno":5,"logger":"py.warnings"}
{"timestamp":"2026-02-24T17:14:42.634557Z","level":"warning","event":"The `airflow.decorators.task` attribute is deprecated. Please use `'airflow.sdk.task'`.","category":"DeprecatedImportWarning","filename":"/opt/airflow/dags/dag_ecommerce_olist.py","lineno":5,"logger":"py.warnings"}
{"timestamp":"2026-02-24T17:15:12.969434Z","level":"info","event":"Filling up the DagBag from /opt/airflow/dags/dag_ecommerce_olist.py","logger":"airflow.models.dagbag.BundleDagBag","filename":"dagbag.py","lineno":593}
{"timestamp":"2026-02-24T17:15:13.122441Z","level":"info","event":"connection: postgresql://airflow:airflow@postgres:5432/db_ecommerce","logger":"task.stdout"}
{"timestamp":"2026-02-24T17:15:13.123560Z","level":"info","event":"--- Lendo dados da Gold: data/gold/fact_orders.parquet ---","logger":"task.stdout"}
{"timestamp":"2026-02-24T17:15:13.602559Z","level":"info","event":"--- Conectando ao Postgres e Iniciando Carga ---","logger":"task.stdout"}
{"timestamp":"2026-02-24T17:15:13.592528Z","level":"error","event":"Failed to import: /opt/airflow/dags/dag_ecommerce_olist.py","logger":"airflow.models.dagbag.BundleDagBag","filename":"dagbag.py","lineno":415,"error_detail":[{"exc_type":"TypeError","exc_value":"DAG.__init__() got an unexpected keyword argument 'schedule_interval'","exc_notes":[],"syntax_error":null,"is_cause":false,"frames":[{"filename":"/home/airflow/.local/lib/python3.12/site-packages/airflow/models/dagbag.py","lineno":405,"name":"parse"},{"filename":"<frozen importlib._bootstrap_external>","lineno":999,"name":"exec_module"},{"filename":"<frozen importlib._bootstrap>","lineno":488,"name":"_call_with_frames_removed"},{"filename":"/opt/airflow/dags/dag_ecommerce_olist.py","lineno":66,"name":"<module>"},{"filename":"/home/airflow/.local/lib/python3.12/site-packages/airflow/sdk/definitions/dag.py","lineno":1541,"name":"factory"}],"is_group":false,"exceptions":[]}]}
{"timestamp":"2026-02-24T17:15:13.597066Z","level":"warning","event":"The `airflow.decorators.dag` attribute is deprecated. Please use `'airflow.sdk.dag'`.","category":"DeprecatedImportWarning","filename":"/opt/airflow/dags/dag_ecommerce_olist.py","lineno":5,"logger":"py.warnings"}
{"timestamp":"2026-02-24T17:15:13.597670Z","level":"warning","event":"The `airflow.decorators.task` attribute is deprecated. Please use `'airflow.sdk.task'`.","category":"DeprecatedImportWarning","filename":"/opt/airflow/dags/dag_ecommerce_olist.py","lineno":5,"logger":"py.warnings"}
{"timestamp":"2026-02-24T17:20:26.929559Z","level":"info","event":"Filling up the DagBag from /opt/airflow/dags/dag_ecommerce_olist.py","logger":"airflow.models.dagbag.BundleDagBag","filename":"dagbag.py","lineno":593}
{"timestamp":"2026-02-24T17:20:27.128381Z","level":"info","event":"connection: postgresql://airflow:airflow@postgres:5432/db_ecommerce","logger":"task.stdout"}
{"timestamp":"2026-02-24T17:20:27.128689Z","level":"info","event":"--- Lendo dados da Gold: data/gold/fact_orders.parquet ---","logger":"task.stdout"}
{"timestamp":"2026-02-24T17:20:28.028647Z","level":"info","event":"--- Conectando ao Postgres e Iniciando Carga ---","logger":"task.stdout"}
{"timestamp":"2026-02-24T17:20:28.024926Z","level":"warning","event":"The `airflow.decorators.dag` attribute is deprecated. Please use `'airflow.sdk.dag'`.","category":"DeprecatedImportWarning","filename":"/opt/airflow/dags/dag_ecommerce_olist.py","lineno":5,"logger":"py.warnings"}
{"timestamp":"2026-02-24T17:20:28.025256Z","level":"warning","event":"The `airflow.decorators.task` attribute is deprecated. Please use `'airflow.sdk.task'`.","category":"DeprecatedImportWarning","filename":"/opt/airflow/dags/dag_ecommerce_olist.py","lineno":5,"logger":"py.warnings"}
{"timestamp":"2026-02-24T17:20:59.178553Z","level":"info","event":"Filling up the DagBag from /opt/airflow/dags/dag_ecommerce_olist.py","logger":"airflow.models.dagbag.BundleDagBag","filename":"dagbag.py","lineno":593}
{"timestamp":"2026-02-24T17:20:59.745559Z","level":"info","event":"connection: postgresql://airflow:airflow@postgres:5432/db_ecommerce","logger":"task.stdout"}
{"timestamp":"2026-02-24T17:20:59.745980Z","level":"info","event":"--- Lendo dados da Gold: data/gold/fact_orders.parquet ---","logger":"task.stdout"}
{"timestamp":"2026-02-24T17:20:59.940315Z","level":"info","event":"--- Conectando ao Postgres e Iniciando Carga ---","logger":"task.stdout"}
{"timestamp":"2026-02-24T17:20:59.958782Z","level":"warning","event":"The `airflow.decorators.dag` attribute is deprecated. Please use `'airflow.sdk.dag'`.","category":"DeprecatedImportWarning","filename":"/opt/airflow/dags/dag_ecommerce_olist.py","lineno":5,"logger":"py.warnings"}
{"timestamp":"2026-02-24T17:20:59.959047Z","level":"warning","event":"The `airflow.decorators.task` attribute is deprecated. Please use `'airflow.sdk.task'`.","category":"DeprecatedImportWarning","filename":"/opt/airflow/dags/dag_ecommerce_olist.py","lineno":5,"logger":"py.warnings"}
{"timestamp":"2026-02-24T17:21:36.067618Z","level":"info","event":"Filling up the DagBag from /opt/airflow/dags/dag_ecommerce_olist.py","logger":"airflow.models.dagbag.BundleDagBag","filename":"dagbag.py","lineno":593}
{"timestamp":"2026-02-24T17:21:36.170748Z","level":"info","event":"connection: postgresql://airflow:airflow@postgres:5432/db_ecommerce","logger":"task.stdout"}
{"timestamp":"2026-02-24T17:21:36.196784Z","level":"info","event":"--- Lendo dados da Gold: data/gold/fact_orders.parquet ---","logger":"task.stdout"}
{"timestamp":"2026-02-24T17:21:38.020535Z","level":"info","event":"--- Conectando ao Postgres e Iniciando Carga ---","logger":"task.stdout"}
{"timestamp":"2026-02-24T17:21:38.078963Z","level":"warning","event":"The `airflow.decorators.dag` attribute is deprecated. Please use `'airflow.sdk.dag'`.","category":"DeprecatedImportWarning","filename":"/opt/airflow/dags/dag_ecommerce_olist.py","lineno":5,"logger":"py.warnings"}
{"timestamp":"2026-02-24T17:21:38.079360Z","level":"warning","event":"The `airflow.decorators.task` attribute is deprecated. Please use `'airflow.sdk.task'`.","category":"DeprecatedImportWarning","filename":"/opt/airflow/dags/dag_ecommerce_olist.py","lineno":5,"logger":"py.warnings"}
{"timestamp":"2026-02-24T17:22:10.193690Z","level":"info","event":"Filling up the DagBag from /opt/airflow/dags/dag_ecommerce_olist.py","logger":"airflow.models.dagbag.BundleDagBag","filename":"dagbag.py","lineno":593}
{"timestamp":"2026-02-24T17:22:10.417321Z","level":"info","event":"connection: postgresql://airflow:airflow@postgres:5432/db_ecommerce","logger":"task.stdout"}
{"timestamp":"2026-02-24T17:22:10.417691Z","level":"info","event":"--- Lendo dados da Gold: data/gold/fact_orders.parquet ---","logger":"task.stdout"}
{"timestamp":"2026-02-24T17:22:12.218061Z","level":"info","event":"--- Conectando ao Postgres e Iniciando Carga ---","logger":"task.stdout"}
{"timestamp":"2026-02-24T17:22:12.462132Z","level":"warning","event":"The `airflow.decorators.dag` attribute is deprecated. Please use `'airflow.sdk.dag'`.","category":"DeprecatedImportWarning","filename":"/opt/airflow/dags/dag_ecommerce_olist.py","lineno":5,"logger":"py.warnings"}
{"timestamp":"2026-02-24T17:22:12.462602Z","level":"warning","event":"The `airflow.decorators.task` attribute is deprecated. Please use `'airflow.sdk.task'`.","category":"DeprecatedImportWarning","filename":"/opt/airflow/dags/dag_ecommerce_olist.py","lineno":5,"logger":"py.warnings"}
{"timestamp":"2026-02-24T17:30:14.803707Z","level":"info","event":"Filling up the DagBag from /opt/airflow/dags/dag_ecommerce_olist.py","logger":"airflow.models.dagbag.BundleDagBag","filename":"dagbag.py","lineno":593}
{"timestamp":"2026-02-24T17:33:12.830016Z","level":"info","event":"Filling up the DagBag from /opt/airflow/dags/dag_ecommerce_olist.py","logger":"airflow.models.dagbag.BundleDagBag","filename":"dagbag.py","lineno":593}
{"timestamp":"2026-02-24T17:33:12.965252Z","level":"info","event":"connection: postgresql://airflow:airflow@postgres:5432/db_ecommerce","logger":"task.stdout"}
{"timestamp":"2026-02-24T17:33:12.965502Z","level":"info","event":"--- Lendo dados da Gold: data/gold/fact_orders.parquet ---","logger":"task.stdout"}
{"timestamp":"2026-02-24T17:33:13.556327Z","level":"info","event":"--- Conectando ao Postgres e Iniciando Carga ---","logger":"task.stdout"}
{"timestamp":"2026-02-24T17:33:13.503497Z","level":"warning","event":"The `airflow.decorators.dag` attribute is deprecated. Please use `'airflow.sdk.dag'`.","category":"DeprecatedImportWarning","filename":"/opt/airflow/dags/dag_ecommerce_olist.py","lineno":5,"logger":"py.warnings"}
{"timestamp":"2026-02-24T17:33:13.503734Z","level":"warning","event":"The `airflow.decorators.task` attribute is deprecated. Please use `'airflow.sdk.task'`.","category":"DeprecatedImportWarning","filename":"/opt/airflow/dags/dag_ecommerce_olist.py","lineno":5,"logger":"py.warnings"}
{"timestamp":"2026-02-24T17:33:47.768627Z","level":"info","event":"Filling up the DagBag from /opt/airflow/dags/dag_ecommerce_olist.py","logger":"airflow.models.dagbag.BundleDagBag","filename":"dagbag.py","lineno":593}
{"timestamp":"2026-02-24T17:33:47.896975Z","level":"info","event":"connection: postgresql://airflow:airflow@postgres:5432/db_ecommerce","logger":"task.stdout"}
{"timestamp":"2026-02-24T17:33:47.897229Z","level":"info","event":"--- Lendo dados da Gold: data/gold/fact_orders.parquet ---","logger":"task.stdout"}
{"timestamp":"2026-02-24T17:33:48.427920Z","level":"info","event":"--- Conectando ao Postgres e Iniciando Carga ---","logger":"task.stdout"}
{"timestamp":"2026-02-24T17:33:48.427756Z","level":"warning","event":"The `airflow.decorators.dag` attribute is deprecated. Please use `'airflow.sdk.dag'`.","category":"DeprecatedImportWarning","filename":"/opt/airflow/dags/dag_ecommerce_olist.py","lineno":5,"logger":"py.warnings"}
{"timestamp":"2026-02-24T17:33:48.428088Z","level":"warning","event":"The `airflow.decorators.task` attribute is deprecated. Please use `'airflow.sdk.task'`.","category":"DeprecatedImportWarning","filename":"/opt/airflow/dags/dag_ecommerce_olist.py","lineno":5,"logger":"py.warnings"}
{"timestamp":"2026-02-24T17:34:21.579144Z","level":"info","event":"Filling up the DagBag from /opt/airflow/dags/dag_ecommerce_olist.py","logger":"airflow.models.dagbag.BundleDagBag","filename":"dagbag.py","lineno":593}
{"timestamp":"2026-02-24T17:34:22.156673Z","level":"info","event":"connection: postgresql://airflow:airflow@postgres:5432/db_ecommerce","logger":"task.stdout"}
{"timestamp":"2026-02-24T17:34:22.157004Z","level":"info","event":"--- Lendo dados da Gold: data/gold/fact_orders.parquet ---","logger":"task.stdout"}
{"timestamp":"2026-02-24T17:34:23.192884Z","level":"info","event":"--- Conectando ao Postgres e Iniciando Carga ---","logger":"task.stdout"}
{"timestamp":"2026-02-24T17:34:23.166554Z","level":"warning","event":"The `airflow.decorators.dag` attribute is deprecated. Please use `'airflow.sdk.dag'`.","category":"DeprecatedImportWarning","filename":"/opt/airflow/dags/dag_ecommerce_olist.py","lineno":5,"logger":"py.warnings"}
{"timestamp":"2026-02-24T17:34:23.166920Z","level":"warning","event":"The `airflow.decorators.task` attribute is deprecated. Please use `'airflow.sdk.task'`.","category":"DeprecatedImportWarning","filename":"/opt/airflow/dags/dag_ecommerce_olist.py","lineno":5,"logger":"py.warnings"}
{"timestamp":"2026-02-24T17:34:53.672912Z","level":"info","event":"Filling up the DagBag from /opt/airflow/dags/dag_ecommerce_olist.py","logger":"airflow.models.dagbag.BundleDagBag","filename":"dagbag.py","lineno":593}
{"timestamp":"2026-02-24T17:34:54.016724Z","level":"info","event":"connection: postgresql://airflow:airflow@postgres:5432/db_ecommerce","logger":"task.stdout"}
{"timestamp":"2026-02-24T17:34:54.017721Z","level":"info","event":"--- Lendo dados da Gold: data/gold/fact_orders.parquet ---","logger":"task.stdout"}
{"timestamp":"2026-02-24T17:34:54.661818Z","level":"info","event":"--- Conectando ao Postgres e Iniciando Carga ---","logger":"task.stdout"}
{"timestamp":"2026-02-24T17:34:54.683149Z","level":"warning","event":"The `airflow.decorators.dag` attribute is deprecated. Please use `'airflow.sdk.dag'`.","category":"DeprecatedImportWarning","filename":"/opt/airflow/dags/dag_ecommerce_olist.py","lineno":5,"logger":"py.warnings"}
{"timestamp":"2026-02-24T17:34:54.683506Z","level":"warning","event":"The `airflow.decorators.task` attribute is deprecated. Please use `'airflow.sdk.task'`.","category":"DeprecatedImportWarning","filename":"/opt/airflow/dags/dag_ecommerce_olist.py","lineno":5,"logger":"py.warnings"}
{"timestamp":"2026-02-24T17:35:30.248568Z","level":"info","event":"Filling up the DagBag from /opt/airflow/dags/dag_ecommerce_olist.py","logger":"airflow.models.dagbag.BundleDagBag","filename":"dagbag.py","lineno":593}
{"timestamp":"2026-02-24T17:35:30.936767Z","level":"info","event":"connection: postgresql://airflow:airflow@postgres:5432/db_ecommerce","logger":"task.stdout"}
{"timestamp":"2026-02-24T17:35:30.937476Z","level":"info","event":"--- Lendo dados da Gold: data/gold/fact_orders.parquet ---","logger":"task.stdout"}
{"timestamp":"2026-02-24T17:35:33.263578Z","level":"info","event":"--- Conectando ao Postgres e Iniciando Carga ---","logger":"task.stdout"}
{"timestamp":"2026-02-24T17:35:33.194475Z","level":"warning","event":"The `airflow.decorators.dag` attribute is deprecated. Please use `'airflow.sdk.dag'`.","category":"DeprecatedImportWarning","filename":"/opt/airflow/dags/dag_ecommerce_olist.py","lineno":5,"logger":"py.warnings"}
{"timestamp":"2026-02-24T17:35:33.195939Z","level":"warning","event":"The `airflow.decorators.task` attribute is deprecated. Please use `'airflow.sdk.task'`.","category":"DeprecatedImportWarning","filename":"/opt/airflow/dags/dag_ecommerce_olist.py","lineno":5,"logger":"py.warnings"}
{"timestamp":"2026-02-24T17:36:04.071655Z","level":"info","event":"Filling up the DagBag from /opt/airflow/dags/dag_ecommerce_olist.py","logger":"airflow.models.dagbag.BundleDagBag","filename":"dagbag.py","lineno":593}
{"timestamp":"2026-02-24T17:36:04.125784Z","level":"info","event":"connection: postgresql://airflow:airflow@postgres:5432/db_ecommerce","logger":"task.stdout"}
{"timestamp":"2026-02-24T17:36:04.125988Z","level":"info","event":"--- Lendo dados da Gold: data/gold/fact_orders.parquet ---","logger":"task.stdout"}
{"timestamp":"2026-02-24T17:36:04.724533Z","level":"info","event":"--- Conectando ao Postgres e Iniciando Carga ---","logger":"task.stdout"}
{"timestamp":"2026-02-24T17:36:04.635582Z","level":"warning","event":"The `airflow.decorators.dag` attribute is deprecated. Please use `'airflow.sdk.dag'`.","category":"DeprecatedImportWarning","filename":"/opt/airflow/dags/dag_ecommerce_olist.py","lineno":5,"logger":"py.warnings"}
{"timestamp":"2026-02-24T17:36:04.636446Z","level":"warning","event":"The `airflow.decorators.task` attribute is deprecated. Please use `'airflow.sdk.task'`.","category":"DeprecatedImportWarning","filename":"/opt/airflow/dags/dag_ecommerce_olist.py","lineno":5,"logger":"py.warnings"}
{"timestamp":"2026-02-24T17:36:35.451944Z","level":"info","event":"Filling up the DagBag from /opt/airflow/dags/dag_ecommerce_olist.py","logger":"airflow.models.dagbag.BundleDagBag","filename":"dagbag.py","lineno":593}
{"timestamp":"2026-02-24T17:36:35.490659Z","level":"info","event":"connection: postgresql://airflow:airflow@postgres:5432/db_ecommerce","logger":"task.stdout"}
{"timestamp":"2026-02-24T17:36:35.490841Z","level":"info","event":"--- Lendo dados da Gold: data/gold/fact_orders.parquet ---","logger":"task.stdout"}
{"timestamp":"2026-02-24T17:36:35.945718Z","level":"info","event":"--- Conectando ao Postgres e Iniciando Carga ---","logger":"task.stdout"}
{"timestamp":"2026-02-24T17:36:35.893808Z","level":"warning","event":"The `airflow.decorators.dag` attribute is deprecated. Please use `'airflow.sdk.dag'`.","category":"DeprecatedImportWarning","filename":"/opt/airflow/dags/dag_ecommerce_olist.py","lineno":5,"logger":"py.warnings"}
{"timestamp":"2026-02-24T17:36:35.893993Z","level":"warning","event":"The `airflow.decorators.task` attribute is deprecated. Please use `'airflow.sdk.task'`.","category":"DeprecatedImportWarning","filename":"/opt/airflow/dags/dag_ecommerce_olist.py","lineno":5,"logger":"py.warnings"}
{"timestamp":"2026-02-24T17:37:06.102392Z","level":"info","event":"Filling up the DagBag from /opt/airflow/dags/dag_ecommerce_olist.py","logger":"airflow.models.dagbag.BundleDagBag","filename":"dagbag.py","lineno":593}
{"timestamp":"2026-02-24T17:37:06.188034Z","level":"info","event":"connection: postgresql://airflow:airflow@postgres:5432/db_ecommerce","logger":"task.stdout"}
{"timestamp":"2026-02-24T17:37:06.188405Z","level":"info","event":"--- Lendo dados da Gold: data/gold/fact_orders.parquet ---","logger":"task.stdout"}
{"timestamp":"2026-02-24T17:37:06.476711Z","level":"info","event":"--- Conectando ao Postgres e Iniciando Carga ---","logger":"task.stdout"}
{"timestamp":"2026-02-24T17:37:06.493276Z","level":"warning","event":"The `airflow.decorators.dag` attribute is deprecated. Please use `'airflow.sdk.dag'`.","category":"DeprecatedImportWarning","filename":"/opt/airflow/dags/dag_ecommerce_olist.py","lineno":5,"logger":"py.warnings"}
{"timestamp":"2026-02-24T17:37:06.493551Z","level":"warning","event":"The `airflow.decorators.task` attribute is deprecated. Please use `'airflow.sdk.task'`.","category":"DeprecatedImportWarning","filename":"/opt/airflow/dags/dag_ecommerce_olist.py","lineno":5,"logger":"py.warnings"}
{"timestamp":"2026-02-24T17:37:36.609605Z","level":"info","event":"Filling up the DagBag from /opt/airflow/dags/dag_ecommerce_olist.py","logger":"airflow.models.dagbag.BundleDagBag","filename":"dagbag.py","lineno":593}
{"timestamp":"2026-02-24T17:37:36.655502Z","level":"info","event":"connection: postgresql://airflow:airflow@postgres:5432/db_ecommerce","logger":"task.stdout"}
{"timestamp":"2026-02-24T17:37:36.655858Z","level":"info","event":"--- Lendo dados da Gold: data/gold/fact_orders.parquet ---","logger":"task.stdout"}
{"timestamp":"2026-02-24T17:37:37.224175Z","level":"info","event":"--- Conectando ao Postgres e Iniciando Carga ---","logger":"task.stdout"}
{"timestamp":"2026-02-24T17:37:37.182486Z","level":"warning","event":"The `airflow.decorators.dag` attribute is deprecated. Please use `'airflow.sdk.dag'`.","category":"DeprecatedImportWarning","filename":"/opt/airflow/dags/dag_ecommerce_olist.py","lineno":5,"logger":"py.warnings"}
{"timestamp":"2026-02-24T17:37:37.182681Z","level":"warning","event":"The `airflow.decorators.task` attribute is deprecated. Please use `'airflow.sdk.task'`.","category":"DeprecatedImportWarning","filename":"/opt/airflow/dags/dag_ecommerce_olist.py","lineno":5,"logger":"py.warnings"}
{"timestamp":"2026-02-24T17:38:07.837659Z","level":"info","event":"Filling up the DagBag from /opt/airflow/dags/dag_ecommerce_olist.py","logger":"airflow.models.dagbag.BundleDagBag","filename":"dagbag.py","lineno":593}
{"timestamp":"2026-02-24T17:38:07.978066Z","level":"info","event":"connection: postgresql://airflow:airflow@postgres:5432/db_ecommerce","logger":"task.stdout"}
{"timestamp":"2026-02-24T17:38:07.978486Z","level":"info","event":"--- Lendo dados da Gold: data/gold/fact_orders.parquet ---","logger":"task.stdout"}
{"timestamp":"2026-02-24T17:38:08.715766Z","level":"info","event":"--- Conectando ao Postgres e Iniciando Carga ---","logger":"task.stdout"}
{"timestamp":"2026-02-24T17:38:08.789645Z","level":"warning","event":"The `airflow.decorators.dag` attribute is deprecated. Please use `'airflow.sdk.dag'`.","category":"DeprecatedImportWarning","filename":"/opt/airflow/dags/dag_ecommerce_olist.py","lineno":5,"logger":"py.warnings"}
{"timestamp":"2026-02-24T17:38:08.790044Z","level":"warning","event":"The `airflow.decorators.task` attribute is deprecated. Please use `'airflow.sdk.task'`.","category":"DeprecatedImportWarning","filename":"/opt/airflow/dags/dag_ecommerce_olist.py","lineno":5,"logger":"py.warnings"}
{"timestamp":"2026-02-24T17:38:39.110547Z","level":"info","event":"Filling up the DagBag from /opt/airflow/dags/dag_ecommerce_olist.py","logger":"airflow.models.dagbag.BundleDagBag","filename":"dagbag.py","lineno":593}
{"timestamp":"2026-02-24T17:38:39.177236Z","level":"info","event":"connection: postgresql://airflow:airflow@postgres:5432/db_ecommerce","logger":"task.stdout"}
{"timestamp":"2026-02-24T17:38:39.177505Z","level":"info","event":"--- Lendo dados da Gold: data/gold/fact_orders.parquet ---","logger":"task.stdout"}
{"timestamp":"2026-02-24T17:38:39.510482Z","level":"info","event":"--- Conectando ao Postgres e Iniciando Carga ---","logger":"task.stdout"}
{"timestamp":"2026-02-24T17:38:39.537439Z","level":"warning","event":"The `airflow.decorators.dag` attribute is deprecated. Please use `'airflow.sdk.dag'`.","category":"DeprecatedImportWarning","filename":"/opt/airflow/dags/dag_ecommerce_olist.py","lineno":5,"logger":"py.warnings"}
{"timestamp":"2026-02-24T17:38:39.538060Z","level":"warning","event":"The `airflow.decorators.task` attribute is deprecated. Please use `'airflow.sdk.task'`.","category":"DeprecatedImportWarning","filename":"/opt/airflow/dags/dag_ecommerce_olist.py","lineno":5,"logger":"py.warnings"}
{"timestamp":"2026-02-24T17:56:53.440383Z","level":"info","event":"Filling up the DagBag from /opt/airflow/dags/dag_ecommerce_olist.py","logger":"airflow.models.dagbag.BundleDagBag","filename":"dagbag.py","lineno":593}
{"timestamp":"2026-02-24T17:56:53.496346Z","level":"error","event":"Failed to import: /opt/airflow/dags/dag_ecommerce_olist.py","logger":"airflow.models.dagbag.BundleDagBag","filename":"dagbag.py","lineno":415,"error_detail":[{"exc_type":"ModuleNotFoundError","exc_value":"No module named 'src'","exc_notes":[],"syntax_error":null,"is_cause":false,"frames":[{"filename":"/home/airflow/.local/lib/python3.12/site-packages/airflow/models/dagbag.py","lineno":405,"name":"parse"},{"filename":"<frozen importlib._bootstrap_external>","lineno":999,"name":"exec_module"},{"filename":"<frozen importlib._bootstrap>","lineno":488,"name":"_call_with_frames_removed"},{"filename":"/opt/airflow/dags/dag_ecommerce_olist.py","lineno":11,"name":"<module>"}],"is_group":false,"exceptions":[]}]}
{"timestamp":"2026-02-24T17:56:53.503345Z","level":"warning","event":"The `airflow.decorators.dag` attribute is deprecated. Please use `'airflow.sdk.dag'`.","category":"DeprecatedImportWarning","filename":"/opt/airflow/dags/dag_ecommerce_olist.py","lineno":5,"logger":"py.warnings"}
{"timestamp":"2026-02-24T17:56:53.503618Z","level":"warning","event":"The `airflow.decorators.task` attribute is deprecated. Please use `'airflow.sdk.task'`.","category":"DeprecatedImportWarning","filename":"/opt/airflow/dags/dag_ecommerce_olist.py","lineno":5,"logger":"py.warnings"}
{"timestamp":"2026-02-24T17:57:24.179070Z","level":"info","event":"Filling up the DagBag from /opt/airflow/dags/dag_ecommerce_olist.py","logger":"airflow.models.dagbag.BundleDagBag","filename":"dagbag.py","lineno":593}
{"timestamp":"2026-02-24T17:57:24.257880Z","level":"error","event":"Failed to import: /opt/airflow/dags/dag_ecommerce_olist.py","logger":"airflow.models.dagbag.BundleDagBag","filename":"dagbag.py","lineno":415,"error_detail":[{"exc_type":"ModuleNotFoundError","exc_value":"No module named 'src'","exc_notes":[],"syntax_error":null,"is_cause":false,"frames":[{"filename":"/home/airflow/.local/lib/python3.12/site-packages/airflow/models/dagbag.py","lineno":405,"name":"parse"},{"filename":"<frozen importlib._bootstrap_external>","lineno":999,"name":"exec_module"},{"filename":"<frozen importlib._bootstrap>","lineno":488,"name":"_call_with_frames_removed"},{"filename":"/opt/airflow/dags/dag_ecommerce_olist.py","lineno":11,"name":"<module>"}],"is_group":false,"exceptions":[]}]}
{"timestamp":"2026-02-24T17:57:24.266517Z","level":"warning","event":"The `airflow.decorators.dag` attribute is deprecated. Please use `'airflow.sdk.dag'`.","category":"DeprecatedImportWarning","filename":"/opt/airflow/dags/dag_ecommerce_olist.py","lineno":5,"logger":"py.warnings"}
{"timestamp":"2026-02-24T17:57:24.266882Z","level":"warning","event":"The `airflow.decorators.task` attribute is deprecated. Please use `'airflow.sdk.task'`.","category":"DeprecatedImportWarning","filename":"/opt/airflow/dags/dag_ecommerce_olist.py","lineno":5,"logger":"py.warnings"}
{"timestamp":"2026-02-24T17:58:02.499346Z","level":"info","event":"Filling up the DagBag from /opt/airflow/dags/dag_ecommerce_olist.py","logger":"airflow.models.dagbag.BundleDagBag","filename":"dagbag.py","lineno":593}
{"timestamp":"2026-02-24T17:58:02.650913Z","level":"error","event":"Failed to import: /opt/airflow/dags/dag_ecommerce_olist.py","logger":"airflow.models.dagbag.BundleDagBag","filename":"dagbag.py","lineno":415,"error_detail":[{"exc_type":"ModuleNotFoundError","exc_value":"No module named 'src'","exc_notes":[],"syntax_error":null,"is_cause":false,"frames":[{"filename":"/home/airflow/.local/lib/python3.12/site-packages/airflow/models/dagbag.py","lineno":405,"name":"parse"},{"filename":"<frozen importlib._bootstrap_external>","lineno":999,"name":"exec_module"},{"filename":"<frozen importlib._bootstrap>","lineno":488,"name":"_call_with_frames_removed"},{"filename":"/opt/airflow/dags/dag_ecommerce_olist.py","lineno":11,"name":"<module>"}],"is_group":false,"exceptions":[]}]}
{"timestamp":"2026-02-24T17:58:02.667424Z","level":"warning","event":"The `airflow.decorators.dag` attribute is deprecated. Please use `'airflow.sdk.dag'`.","category":"DeprecatedImportWarning","filename":"/opt/airflow/dags/dag_ecommerce_olist.py","lineno":5,"logger":"py.warnings"}
{"timestamp":"2026-02-24T17:58:02.667752Z","level":"warning","event":"The `airflow.decorators.task` attribute is deprecated. Please use `'airflow.sdk.task'`.","category":"DeprecatedImportWarning","filename":"/opt/airflow/dags/dag_ecommerce_olist.py","lineno":5,"logger":"py.warnings"}
{"timestamp":"2026-02-24T17:58:33.588220Z","level":"info","event":"Filling up the DagBag from /opt/airflow/dags/dag_ecommerce_olist.py","logger":"airflow.models.dagbag.BundleDagBag","filename":"dagbag.py","lineno":593}
{"timestamp":"2026-02-24T17:58:33.619833Z","level":"error","event":"Failed to import: /opt/airflow/dags/dag_ecommerce_olist.py","logger":"airflow.models.dagbag.BundleDagBag","filename":"dagbag.py","lineno":415,"error_detail":[{"exc_type":"ModuleNotFoundError","exc_value":"No module named 'src'","exc_notes":[],"syntax_error":null,"is_cause":false,"frames":[{"filename":"/home/airflow/.local/lib/python3.12/site-packages/airflow/models/dagbag.py","lineno":405,"name":"parse"},{"filename":"<frozen importlib._bootstrap_external>","lineno":999,"name":"exec_module"},{"filename":"<frozen importlib._bootstrap>","lineno":488,"name":"_call_with_frames_removed"},{"filename":"/opt/airflow/dags/dag_ecommerce_olist.py","lineno":11,"name":"<module>"}],"is_group":false,"exceptions":[]}]}
{"timestamp":"2026-02-24T17:58:33.631983Z","level":"warning","event":"The `airflow.decorators.dag` attribute is deprecated. Please use `'airflow.sdk.dag'`.","category":"DeprecatedImportWarning","filename":"/opt/airflow/dags/dag_ecommerce_olist.py","lineno":5,"logger":"py.warnings"}
{"timestamp":"2026-02-24T17:58:33.632308Z","level":"warning","event":"The `airflow.decorators.task` attribute is deprecated. Please use `'airflow.sdk.task'`.","category":"DeprecatedImportWarning","filename":"/opt/airflow/dags/dag_ecommerce_olist.py","lineno":5,"logger":"py.warnings"}
{"timestamp":"2026-02-24T18:08:34.001965Z","level":"info","event":"Filling up the DagBag from /opt/airflow/dags/dag_ecommerce_olist.py","logger":"airflow.models.dagbag.BundleDagBag","filename":"dagbag.py","lineno":593}
{"timestamp":"2026-02-24T18:08:34.447595Z","level":"info","event":"connection: postgresql://airflow:airflow@postgres:5432/db_ecommerce","logger":"task.stdout"}
{"timestamp":"2026-02-24T18:08:34.459288Z","level":"info","event":"--- Lendo dados da Gold: data/gold/fact_orders.parquet ---","logger":"task.stdout"}
{"timestamp":"2026-02-24T18:08:35.524039Z","level":"info","event":"--- Conectando ao Postgres e Iniciando Carga ---","logger":"task.stdout"}
{"timestamp":"2026-02-24T18:08:35.563607Z","level":"warning","event":"The `airflow.decorators.dag` attribute is deprecated. Please use `'airflow.sdk.dag'`.","category":"DeprecatedImportWarning","filename":"/opt/airflow/dags/dag_ecommerce_olist.py","lineno":5,"logger":"py.warnings"}
{"timestamp":"2026-02-24T18:08:35.564003Z","level":"warning","event":"The `airflow.decorators.task` attribute is deprecated. Please use `'airflow.sdk.task'`.","category":"DeprecatedImportWarning","filename":"/opt/airflow/dags/dag_ecommerce_olist.py","lineno":5,"logger":"py.warnings"}
{"timestamp":"2026-02-24T18:09:06.236006Z","level":"info","event":"Filling up the DagBag from /opt/airflow/dags/dag_ecommerce_olist.py","logger":"airflow.models.dagbag.BundleDagBag","filename":"dagbag.py","lineno":593}
{"timestamp":"2026-02-24T18:09:06.559932Z","level":"info","event":"connection: postgresql://airflow:airflow@postgres:5432/db_ecommerce","logger":"task.stdout"}
{"timestamp":"2026-02-24T18:09:06.560531Z","level":"info","event":"--- Lendo dados da Gold: data/gold/fact_orders.parquet ---","logger":"task.stdout"}
{"timestamp":"2026-02-24T18:09:07.194943Z","level":"info","event":"--- Conectando ao Postgres e Iniciando Carga ---","logger":"task.stdout"}
{"timestamp":"2026-02-24T18:09:07.254244Z","level":"warning","event":"The `airflow.decorators.dag` attribute is deprecated. Please use `'airflow.sdk.dag'`.","category":"DeprecatedImportWarning","filename":"/opt/airflow/dags/dag_ecommerce_olist.py","lineno":5,"logger":"py.warnings"}
{"timestamp":"2026-02-24T18:09:07.254733Z","level":"warning","event":"The `airflow.decorators.task` attribute is deprecated. Please use `'airflow.sdk.task'`.","category":"DeprecatedImportWarning","filename":"/opt/airflow/dags/dag_ecommerce_olist.py","lineno":5,"logger":"py.warnings"}
{"timestamp":"2026-02-24T18:09:41.884875Z","level":"info","event":"Filling up the DagBag from /opt/airflow/dags/dag_ecommerce_olist.py","logger":"airflow.models.dagbag.BundleDagBag","filename":"dagbag.py","lineno":593}
{"timestamp":"2026-02-24T18:09:42.085325Z","level":"info","event":"connection: postgresql://airflow:airflow@postgres:5432/db_ecommerce","logger":"task.stdout"}
{"timestamp":"2026-02-24T18:09:42.085765Z","level":"info","event":"--- Lendo dados da Gold: data/gold/fact_orders.parquet ---","logger":"task.stdout"}
{"timestamp":"2026-02-24T18:09:45.401997Z","level":"info","event":"--- Conectando ao Postgres e Iniciando Carga ---","logger":"task.stdout"}
{"timestamp":"2026-02-24T18:09:45.229391Z","level":"warning","event":"The `airflow.decorators.dag` attribute is deprecated. Please use `'airflow.sdk.dag'`.","category":"DeprecatedImportWarning","filename":"/opt/airflow/dags/dag_ecommerce_olist.py","lineno":5,"logger":"py.warnings"}
{"timestamp":"2026-02-24T18:09:45.235476Z","level":"warning","event":"The `airflow.decorators.task` attribute is deprecated. Please use `'airflow.sdk.task'`.","category":"DeprecatedImportWarning","filename":"/opt/airflow/dags/dag_ecommerce_olist.py","lineno":5,"logger":"py.warnings"}
{"timestamp":"2026-02-24T18:13:24.922986Z","level":"info","event":"Filling up the DagBag from /opt/airflow/dags/dag_ecommerce_olist.py","logger":"airflow.models.dagbag.BundleDagBag","filename":"dagbag.py","lineno":593}
{"timestamp":"2026-02-24T18:13:25.167811Z","level":"info","event":"connection: postgresql://airflow:airflow@postgres:5432/db_ecommerce","logger":"task.stdout"}
{"timestamp":"2026-02-24T18:13:25.168245Z","level":"info","event":"--- Lendo dados da Gold: data/gold/fact_orders.parquet ---","logger":"task.stdout"}
{"timestamp":"2026-02-24T18:13:26.370726Z","level":"info","event":"--- Conectando ao Postgres e Iniciando Carga ---","logger":"task.stdout"}
{"timestamp":"2026-02-24T18:13:26.452764Z","level":"warning","event":"The `airflow.decorators.dag` attribute is deprecated. Please use `'airflow.sdk.dag'`.","category":"DeprecatedImportWarning","filename":"/opt/airflow/dags/dag_ecommerce_olist.py","lineno":5,"logger":"py.warnings"}
{"timestamp":"2026-02-24T18:13:26.453264Z","level":"warning","event":"The `airflow.decorators.task` attribute is deprecated. Please use `'airflow.sdk.task'`.","category":"DeprecatedImportWarning","filename":"/opt/airflow/dags/dag_ecommerce_olist.py","lineno":5,"logger":"py.warnings"}
{"timestamp":"2026-02-24T18:13:57.634813Z","level":"info","event":"Filling up the DagBag from /opt/airflow/dags/dag_ecommerce_olist.py","logger":"airflow.models.dagbag.BundleDagBag","filename":"dagbag.py","lineno":593}
{"timestamp":"2026-02-24T18:13:57.879169Z","level":"info","event":"connection: postgresql://airflow:airflow@postgres:5432/db_ecommerce","logger":"task.stdout"}
{"timestamp":"2026-02-24T18:13:57.879708Z","level":"info","event":"--- Lendo dados da Gold: data/gold/fact_orders.parquet ---","logger":"task.stdout"}
{"timestamp":"2026-02-24T18:14:00.266437Z","level":"info","event":"--- Conectando ao Postgres e Iniciando Carga ---","logger":"task.stdout"}
{"timestamp":"2026-02-24T18:13:59.226977Z","level":"warning","event":"The `airflow.decorators.dag` attribute is deprecated. Please use `'airflow.sdk.dag'`.","category":"DeprecatedImportWarning","filename":"/opt/airflow/dags/dag_ecommerce_olist.py","lineno":5,"logger":"py.warnings"}
{"timestamp":"2026-02-24T18:13:59.227331Z","level":"warning","event":"The `airflow.decorators.task` attribute is deprecated. Please use `'airflow.sdk.task'`.","category":"DeprecatedImportWarning","filename":"/opt/airflow/dags/dag_ecommerce_olist.py","lineno":5,"logger":"py.warnings"}
{"timestamp":"2026-02-24T18:14:33.518636Z","level":"info","event":"Filling up the DagBag from /opt/airflow/dags/dag_ecommerce_olist.py","logger":"airflow.models.dagbag.BundleDagBag","filename":"dagbag.py","lineno":593}
{"timestamp":"2026-02-24T18:14:34.067632Z","level":"info","event":"connection: postgresql://airflow:airflow@postgres:5432/db_ecommerce","logger":"task.stdout"}
{"timestamp":"2026-02-24T18:14:34.067996Z","level":"info","event":"--- Lendo dados da Gold: data/gold/fact_orders.parquet ---","logger":"task.stdout"}
{"timestamp":"2026-02-24T18:14:35.448416Z","level":"info","event":"--- Conectando ao Postgres e Iniciando Carga ---","logger":"task.stdout"}
{"timestamp":"2026-02-24T18:14:35.528935Z","level":"warning","event":"The `airflow.decorators.dag` attribute is deprecated. Please use `'airflow.sdk.dag'`.","category":"DeprecatedImportWarning","filename":"/opt/airflow/dags/dag_ecommerce_olist.py","lineno":5,"logger":"py.warnings"}
{"timestamp":"2026-02-24T18:14:35.529321Z","level":"warning","event":"The `airflow.decorators.task` attribute is deprecated. Please use `'airflow.sdk.task'`.","category":"DeprecatedImportWarning","filename":"/opt/airflow/dags/dag_ecommerce_olist.py","lineno":5,"logger":"py.warnings"}
{"timestamp":"2026-02-24T18:15:06.493705Z","level":"info","event":"Filling up the DagBag from /opt/airflow/dags/dag_ecommerce_olist.py","logger":"airflow.models.dagbag.BundleDagBag","filename":"dagbag.py","lineno":593}
{"timestamp":"2026-02-24T18:15:06.540070Z","level":"info","event":"connection: postgresql://airflow:airflow@postgres:5432/db_ecommerce","logger":"task.stdout"}
{"timestamp":"2026-02-24T18:15:06.540456Z","level":"info","event":"--- Lendo dados da Gold: data/gold/fact_orders.parquet ---","logger":"task.stdout"}
{"timestamp":"2026-02-24T18:15:07.112503Z","level":"info","event":"--- Conectando ao Postgres e Iniciando Carga ---","logger":"task.stdout"}
{"timestamp":"2026-02-24T18:15:07.136245Z","level":"warning","event":"The `airflow.decorators.dag` attribute is deprecated. Please use `'airflow.sdk.dag'`.","category":"DeprecatedImportWarning","filename":"/opt/airflow/dags/dag_ecommerce_olist.py","lineno":5,"logger":"py.warnings"}
{"timestamp":"2026-02-24T18:15:07.136503Z","level":"warning","event":"The `airflow.decorators.task` attribute is deprecated. Please use `'airflow.sdk.task'`.","category":"DeprecatedImportWarning","filename":"/opt/airflow/dags/dag_ecommerce_olist.py","lineno":5,"logger":"py.warnings"}
{"timestamp":"2026-02-24T18:24:50.283601Z","level":"info","event":"Filling up the DagBag from /opt/airflow/dags/dag_ecommerce_olist.py","logger":"airflow.models.dagbag.BundleDagBag","filename":"dagbag.py","lineno":593}
{"timestamp":"2026-02-24T18:24:50.427330Z","level":"info","event":"--- Lendo dados da Gold: data/gold/fact_orders.parquet ---","logger":"task.stdout"}
{"timestamp":"2026-02-24T18:24:51.567897Z","level":"warning","event":"The `airflow.decorators.dag` attribute is deprecated. Please use `'airflow.sdk.dag'`.","category":"DeprecatedImportWarning","filename":"/opt/airflow/dags/dag_ecommerce_olist.py","lineno":5,"logger":"py.warnings"}
{"timestamp":"2026-02-24T18:24:51.568224Z","level":"warning","event":"The `airflow.decorators.task` attribute is deprecated. Please use `'airflow.sdk.task'`.","category":"DeprecatedImportWarning","filename":"/opt/airflow/dags/dag_ecommerce_olist.py","lineno":5,"logger":"py.warnings"}
{"timestamp":"2026-02-24T18:25:22.282645Z","level":"info","event":"Filling up the DagBag from /opt/airflow/dags/dag_ecommerce_olist.py","logger":"airflow.models.dagbag.BundleDagBag","filename":"dagbag.py","lineno":593}
{"timestamp":"2026-02-24T18:25:22.351569Z","level":"info","event":"--- Lendo dados da Gold: data/gold/fact_orders.parquet ---","logger":"task.stdout"}
{"timestamp":"2026-02-24T18:25:22.865372Z","level":"warning","event":"The `airflow.decorators.dag` attribute is deprecated. Please use `'airflow.sdk.dag'`.","category":"DeprecatedImportWarning","filename":"/opt/airflow/dags/dag_ecommerce_olist.py","lineno":5,"logger":"py.warnings"}
{"timestamp":"2026-02-24T18:25:22.865705Z","level":"warning","event":"The `airflow.decorators.task` attribute is deprecated. Please use `'airflow.sdk.task'`.","category":"DeprecatedImportWarning","filename":"/opt/airflow/dags/dag_ecommerce_olist.py","lineno":5,"logger":"py.warnings"}
{"timestamp":"2026-02-24T18:25:58.235496Z","level":"info","event":"Filling up the DagBag from /opt/airflow/dags/dag_ecommerce_olist.py","logger":"airflow.models.dagbag.BundleDagBag","filename":"dagbag.py","lineno":593}
{"timestamp":"2026-02-24T18:25:58.606572Z","level":"info","event":"--- Lendo dados da Gold: data/gold/fact_orders.parquet ---","logger":"task.stdout"}
{"timestamp":"2026-02-24T18:26:09.368003Z","level":"warning","event":"The `airflow.decorators.dag` attribute is deprecated. Please use `'airflow.sdk.dag'`.","category":"DeprecatedImportWarning","filename":"/opt/airflow/dags/dag_ecommerce_olist.py","lineno":5,"logger":"py.warnings"}
{"timestamp":"2026-02-24T18:26:09.821657Z","level":"warning","event":"The `airflow.decorators.task` attribute is deprecated. Please use `'airflow.sdk.task'`.","category":"DeprecatedImportWarning","filename":"/opt/airflow/dags/dag_ecommerce_olist.py","lineno":5,"logger":"py.warnings"}
{"timestamp":"2026-02-24T18:29:02.108742Z","level":"info","event":"Filling up the DagBag from /opt/airflow/dags/dag_ecommerce_olist.py","logger":"airflow.models.dagbag.BundleDagBag","filename":"dagbag.py","lineno":593}
{"timestamp":"2026-02-24T18:29:02.546816Z","level":"info","event":"--- Lendo dados da Gold: data/gold/fact_orders.parquet ---","logger":"task.stdout"}
{"timestamp":"2026-02-24T18:29:04.085992Z","level":"warning","event":"The `airflow.decorators.dag` attribute is deprecated. Please use `'airflow.sdk.dag'`.","category":"DeprecatedImportWarning","filename":"/opt/airflow/dags/dag_ecommerce_olist.py","lineno":5,"logger":"py.warnings"}
{"timestamp":"2026-02-24T18:29:04.087122Z","level":"warning","event":"The `airflow.decorators.task` attribute is deprecated. Please use `'airflow.sdk.task'`.","category":"DeprecatedImportWarning","filename":"/opt/airflow/dags/dag_ecommerce_olist.py","lineno":5,"logger":"py.warnings"}
{"timestamp":"2026-02-24T18:29:34.478862Z","level":"info","event":"Filling up the DagBag from /opt/airflow/dags/dag_ecommerce_olist.py","logger":"airflow.models.dagbag.BundleDagBag","filename":"dagbag.py","lineno":593}
{"timestamp":"2026-02-24T18:29:34.631835Z","level":"info","event":"--- Lendo dados da Gold: data/gold/fact_orders.parquet ---","logger":"task.stdout"}
{"timestamp":"2026-02-24T18:29:35.609179Z","level":"warning","event":"The `airflow.decorators.dag` attribute is deprecated. Please use `'airflow.sdk.dag'`.","category":"DeprecatedImportWarning","filename":"/opt/airflow/dags/dag_ecommerce_olist.py","lineno":5,"logger":"py.warnings"}
{"timestamp":"2026-02-24T18:29:35.610037Z","level":"warning","event":"The `airflow.decorators.task` attribute is deprecated. Please use `'airflow.sdk.task'`.","category":"DeprecatedImportWarning","filename":"/opt/airflow/dags/dag_ecommerce_olist.py","lineno":5,"logger":"py.warnings"}
{"timestamp":"2026-02-24T18:30:06.366891Z","level":"info","event":"Filling up the DagBag from /opt/airflow/dags/dag_ecommerce_olist.py","logger":"airflow.models.dagbag.BundleDagBag","filename":"dagbag.py","lineno":593}
{"timestamp":"2026-02-24T18:30:06.448087Z","level":"info","event":"--- Lendo dados da Gold: data/gold/fact_orders.parquet ---","logger":"task.stdout"}
{"timestamp":"2026-02-24T18:30:06.844087Z","level":"warning","event":"The `airflow.decorators.dag` attribute is deprecated. Please use `'airflow.sdk.dag'`.","category":"DeprecatedImportWarning","filename":"/opt/airflow/dags/dag_ecommerce_olist.py","lineno":5,"logger":"py.warnings"}
{"timestamp":"2026-02-24T18:30:06.844400Z","level":"warning","event":"The `airflow.decorators.task` attribute is deprecated. Please use `'airflow.sdk.task'`.","category":"DeprecatedImportWarning","filename":"/opt/airflow/dags/dag_ecommerce_olist.py","lineno":5,"logger":"py.warnings"}
{"timestamp":"2026-02-24T18:34:55.342799Z","level":"info","event":"Filling up the DagBag from /opt/airflow/dags/dag_ecommerce_olist.py","logger":"airflow.models.dagbag.BundleDagBag","filename":"dagbag.py","lineno":593}
{"timestamp":"2026-02-24T18:34:55.441847Z","level":"warning","event":"The `airflow.decorators.dag` attribute is deprecated. Please use `'airflow.sdk.dag'`.","category":"DeprecatedImportWarning","filename":"/opt/airflow/dags/dag_ecommerce_olist.py","lineno":5,"logger":"py.warnings"}
{"timestamp":"2026-02-24T18:34:55.442217Z","level":"warning","event":"The `airflow.decorators.task` attribute is deprecated. Please use `'airflow.sdk.task'`.","category":"DeprecatedImportWarning","filename":"/opt/airflow/dags/dag_ecommerce_olist.py","lineno":5,"logger":"py.warnings"}
{"timestamp":"2026-02-24T18:35:30.754455Z","level":"info","event":"Filling up the DagBag from /opt/airflow/dags/dag_ecommerce_olist.py","logger":"airflow.models.dagbag.BundleDagBag","filename":"dagbag.py","lineno":593}
{"timestamp":"2026-02-24T18:35:31.070759Z","level":"warning","event":"The `airflow.decorators.dag` attribute is deprecated. Please use `'airflow.sdk.dag'`.","category":"DeprecatedImportWarning","filename":"/opt/airflow/dags/dag_ecommerce_olist.py","lineno":5,"logger":"py.warnings"}
{"timestamp":"2026-02-24T18:35:31.072125Z","level":"warning","event":"The `airflow.decorators.task` attribute is deprecated. Please use `'airflow.sdk.task'`.","category":"DeprecatedImportWarning","filename":"/opt/airflow/dags/dag_ecommerce_olist.py","lineno":5,"logger":"py.warnings"}
{"timestamp":"2026-02-24T18:36:03.801059Z","level":"info","event":"Filling up the DagBag from /opt/airflow/dags/dag_ecommerce_olist.py","logger":"airflow.models.dagbag.BundleDagBag","filename":"dagbag.py","lineno":593}
{"timestamp":"2026-02-24T18:36:04.178824Z","level":"warning","event":"The `airflow.decorators.dag` attribute is deprecated. Please use `'airflow.sdk.dag'`.","category":"DeprecatedImportWarning","filename":"/opt/airflow/dags/dag_ecommerce_olist.py","lineno":5,"logger":"py.warnings"}
{"timestamp":"2026-02-24T18:36:04.179366Z","level":"warning","event":"The `airflow.decorators.task` attribute is deprecated. Please use `'airflow.sdk.task'`.","category":"DeprecatedImportWarning","filename":"/opt/airflow/dags/dag_ecommerce_olist.py","lineno":5,"logger":"py.warnings"}
{"timestamp":"2026-02-24T18:36:42.943910Z","level":"info","event":"Filling up the DagBag from /opt/airflow/dags/dag_ecommerce_olist.py","logger":"airflow.models.dagbag.BundleDagBag","filename":"dagbag.py","lineno":593}
{"timestamp":"2026-02-24T18:36:43.055154Z","level":"warning","event":"The `airflow.decorators.dag` attribute is deprecated. Please use `'airflow.sdk.dag'`.","category":"DeprecatedImportWarning","filename":"/opt/airflow/dags/dag_ecommerce_olist.py","lineno":5,"logger":"py.warnings"}
{"timestamp":"2026-02-24T18:36:43.055665Z","level":"warning","event":"The `airflow.decorators.task` attribute is deprecated. Please use `'airflow.sdk.task'`.","category":"DeprecatedImportWarning","filename":"/opt/airflow/dags/dag_ecommerce_olist.py","lineno":5,"logger":"py.warnings"}
{"timestamp":"2026-02-24T18:37:13.533662Z","level":"info","event":"Filling up the DagBag from /opt/airflow/dags/dag_ecommerce_olist.py","logger":"airflow.models.dagbag.BundleDagBag","filename":"dagbag.py","lineno":593}
{"timestamp":"2026-02-24T18:37:13.586601Z","level":"warning","event":"The `airflow.decorators.dag` attribute is deprecated. Please use `'airflow.sdk.dag'`.","category":"DeprecatedImportWarning","filename":"/opt/airflow/dags/dag_ecommerce_olist.py","lineno":5,"logger":"py.warnings"}
{"timestamp":"2026-02-24T18:37:13.586988Z","level":"warning","event":"The `airflow.decorators.task` attribute is deprecated. Please use `'airflow.sdk.task'`.","category":"DeprecatedImportWarning","filename":"/opt/airflow/dags/dag_ecommerce_olist.py","lineno":5,"logger":"py.warnings"}
{"timestamp":"2026-02-24T18:37:44.255504Z","level":"info","event":"Filling up the DagBag from /opt/airflow/dags/dag_ecommerce_olist.py","logger":"airflow.models.dagbag.BundleDagBag","filename":"dagbag.py","lineno":593}
{"timestamp":"2026-02-24T18:37:44.374847Z","level":"warning","event":"The `airflow.decorators.dag` attribute is deprecated. Please use `'airflow.sdk.dag'`.","category":"DeprecatedImportWarning","filename":"/opt/airflow/dags/dag_ecommerce_olist.py","lineno":5,"logger":"py.warnings"}
{"timestamp":"2026-02-24T18:37:44.375146Z","level":"warning","event":"The `airflow.decorators.task` attribute is deprecated. Please use `'airflow.sdk.task'`.","category":"DeprecatedImportWarning","filename":"/opt/airflow/dags/dag_ecommerce_olist.py","lineno":5,"logger":"py.warnings"}
{"timestamp":"2026-02-24T18:43:07.868405Z","level":"info","event":"Filling up the DagBag from /opt/airflow/dags/dag_ecommerce_olist.py","logger":"airflow.models.dagbag.BundleDagBag","filename":"dagbag.py","lineno":593}
{"timestamp":"2026-02-24T18:43:07.998295Z","level":"warning","event":"The `airflow.decorators.dag` attribute is deprecated. Please use `'airflow.sdk.dag'`.","category":"DeprecatedImportWarning","filename":"/opt/airflow/dags/dag_ecommerce_olist.py","lineno":5,"logger":"py.warnings"}
{"timestamp":"2026-02-24T18:43:07.998666Z","level":"warning","event":"The `airflow.decorators.task` attribute is deprecated. Please use `'airflow.sdk.task'`.","category":"DeprecatedImportWarning","filename":"/opt/airflow/dags/dag_ecommerce_olist.py","lineno":5,"logger":"py.warnings"}
{"timestamp":"2026-02-24T18:43:38.330573Z","level":"info","event":"Filling up the DagBag from /opt/airflow/dags/dag_ecommerce_olist.py","logger":"airflow.models.dagbag.BundleDagBag","filename":"dagbag.py","lineno":593}
{"timestamp":"2026-02-24T18:43:38.381977Z","level":"warning","event":"The `airflow.decorators.dag` attribute is deprecated. Please use `'airflow.sdk.dag'`.","category":"DeprecatedImportWarning","filename":"/opt/airflow/dags/dag_ecommerce_olist.py","lineno":5,"logger":"py.warnings"}
{"timestamp":"2026-02-24T18:43:38.382627Z","level":"warning","event":"The `airflow.decorators.task` attribute is deprecated. Please use `'airflow.sdk.task'`.","category":"DeprecatedImportWarning","filename":"/opt/airflow/dags/dag_ecommerce_olist.py","lineno":5,"logger":"py.warnings"}
{"timestamp":"2026-02-24T18:44:12.065111Z","level":"info","event":"Filling up the DagBag from /opt/airflow/dags/dag_ecommerce_olist.py","logger":"airflow.models.dagbag.BundleDagBag","filename":"dagbag.py","lineno":593}
{"timestamp":"2026-02-24T18:44:12.258440Z","level":"warning","event":"The `airflow.decorators.dag` attribute is deprecated. Please use `'airflow.sdk.dag'`.","category":"DeprecatedImportWarning","filename":"/opt/airflow/dags/dag_ecommerce_olist.py","lineno":5,"logger":"py.warnings"}
{"timestamp":"2026-02-24T18:44:12.258756Z","level":"warning","event":"The `airflow.decorators.task` attribute is deprecated. Please use `'airflow.sdk.task'`.","category":"DeprecatedImportWarning","filename":"/opt/airflow/dags/dag_ecommerce_olist.py","lineno":5,"logger":"py.warnings"}
{"timestamp":"2026-02-24T18:44:45.347640Z","level":"info","event":"Filling up the DagBag from /opt/airflow/dags/dag_ecommerce_olist.py","logger":"airflow.models.dagbag.BundleDagBag","filename":"dagbag.py","lineno":593}
{"timestamp":"2026-02-24T18:44:45.602282Z","level":"warning","event":"The `airflow.decorators.dag` attribute is deprecated. Please use `'airflow.sdk.dag'`.","category":"DeprecatedImportWarning","filename":"/opt/airflow/dags/dag_ecommerce_olist.py","lineno":5,"logger":"py.warnings"}
{"timestamp":"2026-02-24T18:44:45.604397Z","level":"warning","event":"The `airflow.decorators.task` attribute is deprecated. Please use `'airflow.sdk.task'`.","category":"DeprecatedImportWarning","filename":"/opt/airflow/dags/dag_ecommerce_olist.py","lineno":5,"logger":"py.warnings"}
{"timestamp":"2026-02-24T18:46:54.540682Z","level":"info","event":"Filling up the DagBag from /opt/airflow/dags/dag_ecommerce_olist.py","logger":"airflow.models.dagbag.BundleDagBag","filename":"dagbag.py","lineno":593}
{"timestamp":"2026-02-24T18:46:55.200188Z","level":"warning","event":"The `airflow.decorators.dag` attribute is deprecated. Please use `'airflow.sdk.dag'`.","category":"DeprecatedImportWarning","filename":"/opt/airflow/dags/dag_ecommerce_olist.py","lineno":5,"logger":"py.warnings"}
{"timestamp":"2026-02-24T18:46:55.202669Z","level":"warning","event":"The `airflow.decorators.task` attribute is deprecated. Please use `'airflow.sdk.task'`.","category":"DeprecatedImportWarning","filename":"/opt/airflow/dags/dag_ecommerce_olist.py","lineno":5,"logger":"py.warnings"}
{"timestamp":"2026-02-24T18:47:27.800709Z","level":"info","event":"Filling up the DagBag from /opt/airflow/dags/dag_ecommerce_olist.py","logger":"airflow.models.dagbag.BundleDagBag","filename":"dagbag.py","lineno":593}
{"timestamp":"2026-02-24T18:47:28.015976Z","level":"warning","event":"The `airflow.decorators.dag` attribute is deprecated. Please use `'airflow.sdk.dag'`.","category":"DeprecatedImportWarning","filename":"/opt/airflow/dags/dag_ecommerce_olist.py","lineno":5,"logger":"py.warnings"}
{"timestamp":"2026-02-24T18:47:28.016248Z","level":"warning","event":"The `airflow.decorators.task` attribute is deprecated. Please use `'airflow.sdk.task'`.","category":"DeprecatedImportWarning","filename":"/opt/airflow/dags/dag_ecommerce_olist.py","lineno":5,"logger":"py.warnings"}
{"timestamp":"2026-02-24T18:47:58.812038Z","level":"info","event":"Filling up the DagBag from /opt/airflow/dags/dag_ecommerce_olist.py","logger":"airflow.models.dagbag.BundleDagBag","filename":"dagbag.py","lineno":593}
{"timestamp":"2026-02-24T18:47:58.880393Z","level":"warning","event":"The `airflow.decorators.dag` attribute is deprecated. Please use `'airflow.sdk.dag'`.","category":"DeprecatedImportWarning","filename":"/opt/airflow/dags/dag_ecommerce_olist.py","lineno":5,"logger":"py.warnings"}
{"timestamp":"2026-02-24T18:47:58.880673Z","level":"warning","event":"The `airflow.decorators.task` attribute is deprecated. Please use `'airflow.sdk.task'`.","category":"DeprecatedImportWarning","filename":"/opt/airflow/dags/dag_ecommerce_olist.py","lineno":5,"logger":"py.warnings"}
{"timestamp":"2026-02-24T18:55:17.080040Z","level":"info","event":"Filling up the DagBag from /opt/airflow/dags/dag_ecommerce_olist.py","logger":"airflow.models.dagbag.BundleDagBag","filename":"dagbag.py","lineno":593}
{"timestamp":"2026-02-24T18:55:17.243254Z","level":"warning","event":"The `airflow.decorators.dag` attribute is deprecated. Please use `'airflow.sdk.dag'`.","category":"DeprecatedImportWarning","filename":"/opt/airflow/dags/dag_ecommerce_olist.py","lineno":5,"logger":"py.warnings"}
{"timestamp":"2026-02-24T18:55:17.243586Z","level":"warning","event":"The `airflow.decorators.task` attribute is deprecated. Please use `'airflow.sdk.task'`.","category":"DeprecatedImportWarning","filename":"/opt/airflow/dags/dag_ecommerce_olist.py","lineno":5,"logger":"py.warnings"}
{"timestamp":"2026-02-24T18:55:57.451407Z","level":"info","event":"Filling up the DagBag from /opt/airflow/dags/dag_ecommerce_olist.py","logger":"airflow.models.dagbag.BundleDagBag","filename":"dagbag.py","lineno":593}
{"timestamp":"2026-02-24T18:55:57.805624Z","level":"warning","event":"The `airflow.decorators.dag` attribute is deprecated. Please use `'airflow.sdk.dag'`.","category":"DeprecatedImportWarning","filename":"/opt/airflow/dags/dag_ecommerce_olist.py","lineno":5,"logger":"py.warnings"}
{"timestamp":"2026-02-24T18:55:57.805952Z","level":"warning","event":"The `airflow.decorators.task` attribute is deprecated. Please use `'airflow.sdk.task'`.","category":"DeprecatedImportWarning","filename":"/opt/airflow/dags/dag_ecommerce_olist.py","lineno":5,"logger":"py.warnings"}
{"timestamp":"2026-02-24T18:56:40.822994Z","level":"info","event":"Filling up the DagBag from /opt/airflow/dags/dag_ecommerce_olist.py","logger":"airflow.models.dagbag.BundleDagBag","filename":"dagbag.py","lineno":593}
{"timestamp":"2026-02-24T18:56:41.270949Z","level":"warning","event":"The `airflow.decorators.dag` attribute is deprecated. Please use `'airflow.sdk.dag'`.","category":"DeprecatedImportWarning","filename":"/opt/airflow/dags/dag_ecommerce_olist.py","lineno":5,"logger":"py.warnings"}
{"timestamp":"2026-02-24T18:56:41.271303Z","level":"warning","event":"The `airflow.decorators.task` attribute is deprecated. Please use `'airflow.sdk.task'`.","category":"DeprecatedImportWarning","filename":"/opt/airflow/dags/dag_ecommerce_olist.py","lineno":5,"logger":"py.warnings"}
{"timestamp":"2026-02-24T19:00:07.598447Z","level":"info","event":"Filling up the DagBag from /opt/airflow/dags/dag_ecommerce_olist.py","logger":"airflow.models.dagbag.BundleDagBag","filename":"dagbag.py","lineno":593}
{"timestamp":"2026-02-24T19:00:07.978734Z","level":"warning","event":"The `airflow.decorators.dag` attribute is deprecated. Please use `'airflow.sdk.dag'`.","category":"DeprecatedImportWarning","filename":"/opt/airflow/dags/dag_ecommerce_olist.py","lineno":5,"logger":"py.warnings"}
{"timestamp":"2026-02-24T19:00:07.979159Z","level":"warning","event":"The `airflow.decorators.task` attribute is deprecated. Please use `'airflow.sdk.task'`.","category":"DeprecatedImportWarning","filename":"/opt/airflow/dags/dag_ecommerce_olist.py","lineno":5,"logger":"py.warnings"}
{"timestamp":"2026-02-24T19:22:44.628302Z","level":"info","event":"Filling up the DagBag from /opt/airflow/dags/dag_ecommerce_olist.py","logger":"airflow.models.dagbag.BundleDagBag","filename":"dagbag.py","lineno":593}
{"timestamp":"2026-02-24T21:32:25.569696Z","level":"info","event":"Filling up the DagBag from /opt/airflow/dags/dag_ecommerce_olist.py","logger":"airflow.models.dagbag.BundleDagBag","filename":"dagbag.py","lineno":593}
{"timestamp":"2026-02-24T21:32:25.667329Z","level":"warning","event":"The `airflow.decorators.dag` attribute is deprecated. Please use `'airflow.sdk.dag'`.","category":"DeprecatedImportWarning","filename":"/opt/airflow/dags/dag_ecommerce_olist.py","lineno":5,"logger":"py.warnings"}
{"timestamp":"2026-02-24T21:32:25.667619Z","level":"warning","event":"The `airflow.decorators.task` attribute is deprecated. Please use `'airflow.sdk.task'`.","category":"DeprecatedImportWarning","filename":"/opt/airflow/dags/dag_ecommerce_olist.py","lineno":5,"logger":"py.warnings"}
{"timestamp":"2026-02-24T21:32:57.545650Z","level":"info","event":"Filling up the DagBag from /opt/airflow/dags/dag_ecommerce_olist.py","logger":"airflow.models.dagbag.BundleDagBag","filename":"dagbag.py","lineno":593}
{"timestamp":"2026-02-24T21:32:57.648081Z","level":"warning","event":"The `airflow.decorators.dag` attribute is deprecated. Please use `'airflow.sdk.dag'`.","category":"DeprecatedImportWarning","filename":"/opt/airflow/dags/dag_ecommerce_olist.py","lineno":5,"logger":"py.warnings"}
{"timestamp":"2026-02-24T21:32:57.648539Z","level":"warning","event":"The `airflow.decorators.task` attribute is deprecated. Please use `'airflow.sdk.task'`.","category":"DeprecatedImportWarning","filename":"/opt/airflow/dags/dag_ecommerce_olist.py","lineno":5,"logger":"py.warnings"}
{"timestamp":"2026-02-24T21:33:33.356285Z","level":"info","event":"Filling up the DagBag from /opt/airflow/dags/dag_ecommerce_olist.py","logger":"airflow.models.dagbag.BundleDagBag","filename":"dagbag.py","lineno":593}
{"timestamp":"2026-02-24T21:33:33.534889Z","level":"warning","event":"The `airflow.decorators.dag` attribute is deprecated. Please use `'airflow.sdk.dag'`.","category":"DeprecatedImportWarning","filename":"/opt/airflow/dags/dag_ecommerce_olist.py","lineno":5,"logger":"py.warnings"}
{"timestamp":"2026-02-24T21:33:33.535474Z","level":"warning","event":"The `airflow.decorators.task` attribute is deprecated. Please use `'airflow.sdk.task'`.","category":"DeprecatedImportWarning","filename":"/opt/airflow/dags/dag_ecommerce_olist.py","lineno":5,"logger":"py.warnings"}
{"timestamp":"2026-02-24T21:34:09.712212Z","level":"info","event":"Filling up the DagBag from /opt/airflow/dags/dag_ecommerce_olist.py","logger":"airflow.models.dagbag.BundleDagBag","filename":"dagbag.py","lineno":593}
{"timestamp":"2026-02-24T21:34:09.889838Z","level":"warning","event":"The `airflow.decorators.dag` attribute is deprecated. Please use `'airflow.sdk.dag'`.","category":"DeprecatedImportWarning","filename":"/opt/airflow/dags/dag_ecommerce_olist.py","lineno":5,"logger":"py.warnings"}
{"timestamp":"2026-02-24T21:34:09.890186Z","level":"warning","event":"The `airflow.decorators.task` attribute is deprecated. Please use `'airflow.sdk.task'`.","category":"DeprecatedImportWarning","filename":"/opt/airflow/dags/dag_ecommerce_olist.py","lineno":5,"logger":"py.warnings"}
{"timestamp":"2026-02-24T21:34:56.341602Z","level":"info","event":"Filling up the DagBag from /opt/airflow/dags/dag_ecommerce_olist.py","logger":"airflow.models.dagbag.BundleDagBag","filename":"dagbag.py","lineno":593}
{"timestamp":"2026-02-24T21:34:56.552364Z","level":"warning","event":"The `airflow.decorators.dag` attribute is deprecated. Please use `'airflow.sdk.dag'`.","category":"DeprecatedImportWarning","filename":"/opt/airflow/dags/dag_ecommerce_olist.py","lineno":5,"logger":"py.warnings"}
{"timestamp":"2026-02-24T21:34:56.552737Z","level":"warning","event":"The `airflow.decorators.task` attribute is deprecated. Please use `'airflow.sdk.task'`.","category":"DeprecatedImportWarning","filename":"/opt/airflow/dags/dag_ecommerce_olist.py","lineno":5,"logger":"py.warnings"}
{"timestamp":"2026-02-24T21:35:27.534520Z","level":"info","event":"Filling up the DagBag from /opt/airflow/dags/dag_ecommerce_olist.py","logger":"airflow.models.dagbag.BundleDagBag","filename":"dagbag.py","lineno":593}
{"timestamp":"2026-02-24T21:35:27.761483Z","level":"warning","event":"The `airflow.decorators.dag` attribute is deprecated. Please use `'airflow.sdk.dag'`.","category":"DeprecatedImportWarning","filename":"/opt/airflow/dags/dag_ecommerce_olist.py","lineno":5,"logger":"py.warnings"}
{"timestamp":"2026-02-24T21:35:27.761810Z","level":"warning","event":"The `airflow.decorators.task` attribute is deprecated. Please use `'airflow.sdk.task'`.","category":"DeprecatedImportWarning","filename":"/opt/airflow/dags/dag_ecommerce_olist.py","lineno":5,"logger":"py.warnings"}
{"timestamp":"2026-02-24T22:11:13.451437Z","level":"warning","event":"Process exited abnormally","exit_code":126,"logger":"processor"}
{"timestamp":"2026-02-24T22:11:13.109934Z","level":"info","event":"Filling up the DagBag from /opt/airflow/dags/dag_ecommerce_olist.py","logger":"airflow.models.dagbag.BundleDagBag","filename":"dagbag.py","lineno":593}
{"timestamp":"2026-02-24T22:11:13.253421Z","level":"warning","event":"The `airflow.decorators.dag` attribute is deprecated. Please use `'airflow.sdk.dag'`.","category":"DeprecatedImportWarning","filename":"/opt/airflow/dags/dag_ecommerce_olist.py","lineno":5,"logger":"py.warnings"}
{"timestamp":"2026-02-24T22:11:13.253724Z","level":"warning","event":"The `airflow.decorators.task` attribute is deprecated. Please use `'airflow.sdk.task'`.","category":"DeprecatedImportWarning","filename":"/opt/airflow/dags/dag_ecommerce_olist.py","lineno":5,"logger":"py.warnings"}
{"timestamp":"2026-02-24T22:11:18.182115Z","level":"info","event":"Filling up the DagBag from /opt/airflow/dags/dag_ecommerce_olist.py","logger":"airflow.models.dagbag.BundleDagBag","filename":"dagbag.py","lineno":593}
{"timestamp":"2026-02-24T22:11:18.268900Z","level":"warning","event":"The `airflow.decorators.dag` attribute is deprecated. Please use `'airflow.sdk.dag'`.","category":"DeprecatedImportWarning","filename":"/opt/airflow/dags/dag_ecommerce_olist.py","lineno":5,"logger":"py.warnings"}
{"timestamp":"2026-02-24T22:11:18.269249Z","level":"warning","event":"The `airflow.decorators.task` attribute is deprecated. Please use `'airflow.sdk.task'`.","category":"DeprecatedImportWarning","filename":"/opt/airflow/dags/dag_ecommerce_olist.py","lineno":5,"logger":"py.warnings"}
{"timestamp":"2026-02-24T22:11:50.523158Z","level":"info","event":"Filling up the DagBag from /opt/airflow/dags/dag_ecommerce_olist.py","logger":"airflow.models.dagbag.BundleDagBag","filename":"dagbag.py","lineno":593}
{"timestamp":"2026-02-24T22:11:50.621980Z","level":"warning","event":"The `airflow.decorators.dag` attribute is deprecated. Please use `'airflow.sdk.dag'`.","category":"DeprecatedImportWarning","filename":"/opt/airflow/dags/dag_ecommerce_olist.py","lineno":5,"logger":"py.warnings"}
{"timestamp":"2026-02-24T22:11:50.622310Z","level":"warning","event":"The `airflow.decorators.task` attribute is deprecated. Please use `'airflow.sdk.task'`.","category":"DeprecatedImportWarning","filename":"/opt/airflow/dags/dag_ecommerce_olist.py","lineno":5,"logger":"py.warnings"}
{"timestamp":"2026-02-24T22:12:20.942735Z","level":"info","event":"Filling up the DagBag from /opt/airflow/dags/dag_ecommerce_olist.py","logger":"airflow.models.dagbag.BundleDagBag","filename":"dagbag.py","lineno":593}
{"timestamp":"2026-02-24T22:12:21.120251Z","level":"warning","event":"The `airflow.decorators.dag` attribute is deprecated. Please use `'airflow.sdk.dag'`.","category":"DeprecatedImportWarning","filename":"/opt/airflow/dags/dag_ecommerce_olist.py","lineno":5,"logger":"py.warnings"}
{"timestamp":"2026-02-24T22:12:21.120739Z","level":"warning","event":"The `airflow.decorators.task` attribute is deprecated. Please use `'airflow.sdk.task'`.","category":"DeprecatedImportWarning","filename":"/opt/airflow/dags/dag_ecommerce_olist.py","lineno":5,"logger":"py.warnings"}
{"timestamp":"2026-02-24T22:12:57.894178Z","level":"info","event":"Filling up the DagBag from /opt/airflow/dags/dag_ecommerce_olist.py","logger":"airflow.models.dagbag.BundleDagBag","filename":"dagbag.py","lineno":593}
{"timestamp":"2026-02-24T22:12:58.408269Z","level":"warning","event":"The `airflow.decorators.dag` attribute is deprecated. Please use `'airflow.sdk.dag'`.","category":"DeprecatedImportWarning","filename":"/opt/airflow/dags/dag_ecommerce_olist.py","lineno":5,"logger":"py.warnings"}
{"timestamp":"2026-02-24T22:12:58.408720Z","level":"warning","event":"The `airflow.decorators.task` attribute is deprecated. Please use `'airflow.sdk.task'`.","category":"DeprecatedImportWarning","filename":"/opt/airflow/dags/dag_ecommerce_olist.py","lineno":5,"logger":"py.warnings"}
{"timestamp":"2026-02-24T22:37:04.695794Z","level":"info","event":"Filling up the DagBag from /opt/airflow/dags/dag_ecommerce_olist.py","logger":"airflow.models.dagbag.BundleDagBag","filename":"dagbag.py","lineno":593}
{"timestamp":"2026-02-24T22:37:04.852444Z","level":"warning","event":"The `airflow.decorators.dag` attribute is deprecated. Please use `'airflow.sdk.dag'`.","category":"DeprecatedImportWarning","filename":"/opt/airflow/dags/dag_ecommerce_olist.py","lineno":5,"logger":"py.warnings"}
{"timestamp":"2026-02-24T22:37:04.852865Z","level":"warning","event":"The `airflow.decorators.task` attribute is deprecated. Please use `'airflow.sdk.task'`.","category":"DeprecatedImportWarning","filename":"/opt/airflow/dags/dag_ecommerce_olist.py","lineno":5,"logger":"py.warnings"}
{"timestamp":"2026-02-24T22:37:04.857513Z","level":"warning","event":"Callback requested but no callback found","dag_id":"etl_ecommerce_olist_v6","task_id":"transform_task","run_id":"scheduled__2026-02-24T22:00:00+00:00","ti_id":"019c91b6-2bb8-7811-8902-b3846839c947","logger":"task","filename":"processor.py","lineno":361}
{"timestamp":"2026-02-24T22:37:04.857934Z","level":"warning","event":"Callback requested but no callback found","dag_id":"etl_ecommerce_olist_v6","task_id":"transform_task","run_id":"manual__2026-02-24T22:12:40.661067+00:00","ti_id":"019c91b6-2b45-7b0a-a50f-0b9d7fbc8fef","logger":"task","filename":"processor.py","lineno":361}
{"timestamp":"2026-02-24T22:37:07.493650Z","level":"info","event":"Filling up the DagBag from /opt/airflow/dags/dag_ecommerce_olist.py","logger":"airflow.models.dagbag.BundleDagBag","filename":"dagbag.py","lineno":593}
{"timestamp":"2026-02-24T22:37:07.653389Z","level":"warning","event":"The `airflow.decorators.dag` attribute is deprecated. Please use `'airflow.sdk.dag'`.","category":"DeprecatedImportWarning","filename":"/opt/airflow/dags/dag_ecommerce_olist.py","lineno":5,"logger":"py.warnings"}
{"timestamp":"2026-02-24T22:37:07.656086Z","level":"warning","event":"The `airflow.decorators.task` attribute is deprecated. Please use `'airflow.sdk.task'`.","category":"DeprecatedImportWarning","filename":"/opt/airflow/dags/dag_ecommerce_olist.py","lineno":5,"logger":"py.warnings"}
{"timestamp":"2026-02-24T22:37:38.673271Z","level":"info","event":"Filling up the DagBag from /opt/airflow/dags/dag_ecommerce_olist.py","logger":"airflow.models.dagbag.BundleDagBag","filename":"dagbag.py","lineno":593}
{"timestamp":"2026-02-24T22:37:38.854483Z","level":"warning","event":"The `airflow.decorators.dag` attribute is deprecated. Please use `'airflow.sdk.dag'`.","category":"DeprecatedImportWarning","filename":"/opt/airflow/dags/dag_ecommerce_olist.py","lineno":5,"logger":"py.warnings"}
{"timestamp":"2026-02-24T22:37:38.854828Z","level":"warning","event":"The `airflow.decorators.task` attribute is deprecated. Please use `'airflow.sdk.task'`.","category":"DeprecatedImportWarning","filename":"/opt/airflow/dags/dag_ecommerce_olist.py","lineno":5,"logger":"py.warnings"}
{"timestamp":"2026-02-24T22:38:09.184963Z","level":"info","event":"Filling up the DagBag from /opt/airflow/dags/dag_ecommerce_olist.py","logger":"airflow.models.dagbag.BundleDagBag","filename":"dagbag.py","lineno":593}
{"timestamp":"2026-02-24T22:38:09.229941Z","level":"warning","event":"The `airflow.decorators.dag` attribute is deprecated. Please use `'airflow.sdk.dag'`.","category":"DeprecatedImportWarning","filename":"/opt/airflow/dags/dag_ecommerce_olist.py","lineno":5,"logger":"py.warnings"}
{"timestamp":"2026-02-24T22:38:09.230217Z","level":"warning","event":"The `airflow.decorators.task` attribute is deprecated. Please use `'airflow.sdk.task'`.","category":"DeprecatedImportWarning","filename":"/opt/airflow/dags/dag_ecommerce_olist.py","lineno":5,"logger":"py.warnings"}
{"timestamp":"2026-02-24T22:46:58.727905Z","level":"info","event":"Filling up the DagBag from /opt/airflow/dags/dag_ecommerce_olist.py","logger":"airflow.models.dagbag.BundleDagBag","filename":"dagbag.py","lineno":593}
{"timestamp":"2026-02-24T22:46:58.893133Z","level":"warning","event":"The `airflow.decorators.dag` attribute is deprecated. Please use `'airflow.sdk.dag'`.","category":"DeprecatedImportWarning","filename":"/opt/airflow/dags/dag_ecommerce_olist.py","lineno":5,"logger":"py.warnings"}
{"timestamp":"2026-02-24T22:46:58.893441Z","level":"warning","event":"The `airflow.decorators.task` attribute is deprecated. Please use `'airflow.sdk.task'`.","category":"DeprecatedImportWarning","filename":"/opt/airflow/dags/dag_ecommerce_olist.py","lineno":5,"logger":"py.warnings"}
{"timestamp":"2026-02-24T22:47:29.496366Z","level":"info","event":"Filling up the DagBag from /opt/airflow/dags/dag_ecommerce_olist.py","logger":"airflow.models.dagbag.BundleDagBag","filename":"dagbag.py","lineno":593}
{"timestamp":"2026-02-24T22:47:29.613120Z","level":"warning","event":"The `airflow.decorators.dag` attribute is deprecated. Please use `'airflow.sdk.dag'`.","category":"DeprecatedImportWarning","filename":"/opt/airflow/dags/dag_ecommerce_olist.py","lineno":5,"logger":"py.warnings"}
{"timestamp":"2026-02-24T22:47:29.613621Z","level":"warning","event":"The `airflow.decorators.task` attribute is deprecated. Please use `'airflow.sdk.task'`.","category":"DeprecatedImportWarning","filename":"/opt/airflow/dags/dag_ecommerce_olist.py","lineno":5,"logger":"py.warnings"}
{"timestamp":"2026-02-24T22:48:02.311680Z","level":"info","event":"Filling up the DagBag from /opt/airflow/dags/dag_ecommerce_olist.py","logger":"airflow.models.dagbag.BundleDagBag","filename":"dagbag.py","lineno":593}
{"timestamp":"2026-02-24T22:48:03.826161Z","level":"warning","event":"The `airflow.decorators.dag` attribute is deprecated. Please use `'airflow.sdk.dag'`.","category":"DeprecatedImportWarning","filename":"/opt/airflow/dags/dag_ecommerce_olist.py","lineno":5,"logger":"py.warnings"}
{"timestamp":"2026-02-24T22:48:03.826541Z","level":"warning","event":"The `airflow.decorators.task` attribute is deprecated. Please use `'airflow.sdk.task'`.","category":"DeprecatedImportWarning","filename":"/opt/airflow/dags/dag_ecommerce_olist.py","lineno":5,"logger":"py.warnings"}
{"timestamp":"2026-02-24T22:48:55.639763Z","level":"info","event":"Filling up the DagBag from /opt/airflow/dags/dag_ecommerce_olist.py","logger":"airflow.models.dagbag.BundleDagBag","filename":"dagbag.py","lineno":593}
{"timestamp":"2026-02-24T22:48:55.731975Z","level":"warning","event":"The `airflow.decorators.dag` attribute is deprecated. Please use `'airflow.sdk.dag'`.","category":"DeprecatedImportWarning","filename":"/opt/airflow/dags/dag_ecommerce_olist.py","lineno":5,"logger":"py.warnings"}
{"timestamp":"2026-02-24T22:48:55.732415Z","level":"warning","event":"The `airflow.decorators.task` attribute is deprecated. Please use `'airflow.sdk.task'`.","category":"DeprecatedImportWarning","filename":"/opt/airflow/dags/dag_ecommerce_olist.py","lineno":5,"logger":"py.warnings"}
{"timestamp":"2026-02-24T22:49:32.554020Z","level":"info","event":"Filling up the DagBag from /opt/airflow/dags/dag_ecommerce_olist.py","logger":"airflow.models.dagbag.BundleDagBag","filename":"dagbag.py","lineno":593}
{"timestamp":"2026-02-24T22:49:32.722375Z","level":"warning","event":"The `airflow.decorators.dag` attribute is deprecated. Please use `'airflow.sdk.dag'`.","category":"DeprecatedImportWarning","filename":"/opt/airflow/dags/dag_ecommerce_olist.py","lineno":5,"logger":"py.warnings"}
{"timestamp":"2026-02-24T22:49:32.722698Z","level":"warning","event":"The `airflow.decorators.task` attribute is deprecated. Please use `'airflow.sdk.task'`.","category":"DeprecatedImportWarning","filename":"/opt/airflow/dags/dag_ecommerce_olist.py","lineno":5,"logger":"py.warnings"}
{"timestamp":"2026-02-24T22:50:03.462275Z","level":"info","event":"Filling up the DagBag from /opt/airflow/dags/dag_ecommerce_olist.py","logger":"airflow.models.dagbag.BundleDagBag","filename":"dagbag.py","lineno":593}
{"timestamp":"2026-02-24T22:50:03.603210Z","level":"warning","event":"The `airflow.decorators.dag` attribute is deprecated. Please use `'airflow.sdk.dag'`.","category":"DeprecatedImportWarning","filename":"/opt/airflow/dags/dag_ecommerce_olist.py","lineno":5,"logger":"py.warnings"}
{"timestamp":"2026-02-24T22:50:03.603639Z","level":"warning","event":"The `airflow.decorators.task` attribute is deprecated. Please use `'airflow.sdk.task'`.","category":"DeprecatedImportWarning","filename":"/opt/airflow/dags/dag_ecommerce_olist.py","lineno":5,"logger":"py.warnings"}
{"timestamp":"2026-02-24T22:50:34.192609Z","level":"info","event":"Filling up the DagBag from /opt/airflow/dags/dag_ecommerce_olist.py","logger":"airflow.models.dagbag.BundleDagBag","filename":"dagbag.py","lineno":593}
{"timestamp":"2026-02-24T22:50:34.262152Z","level":"warning","event":"The `airflow.decorators.dag` attribute is deprecated. Please use `'airflow.sdk.dag'`.","category":"DeprecatedImportWarning","filename":"/opt/airflow/dags/dag_ecommerce_olist.py","lineno":5,"logger":"py.warnings"}
{"timestamp":"2026-02-24T22:50:34.262364Z","level":"warning","event":"The `airflow.decorators.task` attribute is deprecated. Please use `'airflow.sdk.task'`.","category":"DeprecatedImportWarning","filename":"/opt/airflow/dags/dag_ecommerce_olist.py","lineno":5,"logger":"py.warnings"}
{"timestamp":"2026-02-24T22:51:04.730092Z","level":"info","event":"Filling up the DagBag from /opt/airflow/dags/dag_ecommerce_olist.py","logger":"airflow.models.dagbag.BundleDagBag","filename":"dagbag.py","lineno":593}
{"timestamp":"2026-02-24T22:51:04.919240Z","level":"warning","event":"The `airflow.decorators.dag` attribute is deprecated. Please use `'airflow.sdk.dag'`.","category":"DeprecatedImportWarning","filename":"/opt/airflow/dags/dag_ecommerce_olist.py","lineno":5,"logger":"py.warnings"}
{"timestamp":"2026-02-24T22:51:04.923525Z","level":"warning","event":"The `airflow.decorators.task` attribute is deprecated. Please use `'airflow.sdk.task'`.","category":"DeprecatedImportWarning","filename":"/opt/airflow/dags/dag_ecommerce_olist.py","lineno":5,"logger":"py.warnings"}
{"timestamp":"2026-02-24T22:51:35.908520Z","level":"info","event":"Filling up the DagBag from /opt/airflow/dags/dag_ecommerce_olist.py","logger":"airflow.models.dagbag.BundleDagBag","filename":"dagbag.py","lineno":593}
{"timestamp":"2026-02-24T22:51:35.973922Z","level":"warning","event":"The `airflow.decorators.dag` attribute is deprecated. Please use `'airflow.sdk.dag'`.","category":"DeprecatedImportWarning","filename":"/opt/airflow/dags/dag_ecommerce_olist.py","lineno":5,"logger":"py.warnings"}
{"timestamp":"2026-02-24T22:51:35.974308Z","level":"warning","event":"The `airflow.decorators.task` attribute is deprecated. Please use `'airflow.sdk.task'`.","category":"DeprecatedImportWarning","filename":"/opt/airflow/dags/dag_ecommerce_olist.py","lineno":5,"logger":"py.warnings"}
{"timestamp":"2026-02-24T22:52:08.132474Z","level":"info","event":"Filling up the DagBag from /opt/airflow/dags/dag_ecommerce_olist.py","logger":"airflow.models.dagbag.BundleDagBag","filename":"dagbag.py","lineno":593}
{"timestamp":"2026-02-24T22:52:08.254823Z","level":"warning","event":"The `airflow.decorators.dag` attribute is deprecated. Please use `'airflow.sdk.dag'`.","category":"DeprecatedImportWarning","filename":"/opt/airflow/dags/dag_ecommerce_olist.py","lineno":5,"logger":"py.warnings"}
{"timestamp":"2026-02-24T22:52:08.255173Z","level":"warning","event":"The `airflow.decorators.task` attribute is deprecated. Please use `'airflow.sdk.task'`.","category":"DeprecatedImportWarning","filename":"/opt/airflow/dags/dag_ecommerce_olist.py","lineno":5,"logger":"py.warnings"}
{"timestamp":"2026-02-24T22:52:38.621425Z","level":"info","event":"Filling up the DagBag from /opt/airflow/dags/dag_ecommerce_olist.py","logger":"airflow.models.dagbag.BundleDagBag","filename":"dagbag.py","lineno":593}
{"timestamp":"2026-02-24T22:52:38.726368Z","level":"warning","event":"The `airflow.decorators.dag` attribute is deprecated. Please use `'airflow.sdk.dag'`.","category":"DeprecatedImportWarning","filename":"/opt/airflow/dags/dag_ecommerce_olist.py","lineno":5,"logger":"py.warnings"}
{"timestamp":"2026-02-24T22:52:38.726660Z","level":"warning","event":"The `airflow.decorators.task` attribute is deprecated. Please use `'airflow.sdk.task'`.","category":"DeprecatedImportWarning","filename":"/opt/airflow/dags/dag_ecommerce_olist.py","lineno":5,"logger":"py.warnings"}
{"timestamp":"2026-02-24T22:53:09.105227Z","level":"info","event":"Filling up the DagBag from /opt/airflow/dags/dag_ecommerce_olist.py","logger":"airflow.models.dagbag.BundleDagBag","filename":"dagbag.py","lineno":593}
{"timestamp":"2026-02-24T22:53:09.167626Z","level":"warning","event":"The `airflow.decorators.dag` attribute is deprecated. Please use `'airflow.sdk.dag'`.","category":"DeprecatedImportWarning","filename":"/opt/airflow/dags/dag_ecommerce_olist.py","lineno":5,"logger":"py.warnings"}
{"timestamp":"2026-02-24T22:53:09.167897Z","level":"warning","event":"The `airflow.decorators.task` attribute is deprecated. Please use `'airflow.sdk.task'`.","category":"DeprecatedImportWarning","filename":"/opt/airflow/dags/dag_ecommerce_olist.py","lineno":5,"logger":"py.warnings"}
{"timestamp":"2026-02-24T22:53:39.869015Z","level":"info","event":"Filling up the DagBag from /opt/airflow/dags/dag_ecommerce_olist.py","logger":"airflow.models.dagbag.BundleDagBag","filename":"dagbag.py","lineno":593}
{"timestamp":"2026-02-24T22:53:39.988814Z","level":"warning","event":"The `airflow.decorators.dag` attribute is deprecated. Please use `'airflow.sdk.dag'`.","category":"DeprecatedImportWarning","filename":"/opt/airflow/dags/dag_ecommerce_olist.py","lineno":5,"logger":"py.warnings"}
{"timestamp":"2026-02-24T22:53:39.989182Z","level":"warning","event":"The `airflow.decorators.task` attribute is deprecated. Please use `'airflow.sdk.task'`.","category":"DeprecatedImportWarning","filename":"/opt/airflow/dags/dag_ecommerce_olist.py","lineno":5,"logger":"py.warnings"}
{"timestamp":"2026-02-24T22:54:10.923339Z","level":"info","event":"Filling up the DagBag from /opt/airflow/dags/dag_ecommerce_olist.py","logger":"airflow.models.dagbag.BundleDagBag","filename":"dagbag.py","lineno":593}
{"timestamp":"2026-02-24T22:54:10.995760Z","level":"warning","event":"The `airflow.decorators.dag` attribute is deprecated. Please use `'airflow.sdk.dag'`.","category":"DeprecatedImportWarning","filename":"/opt/airflow/dags/dag_ecommerce_olist.py","lineno":5,"logger":"py.warnings"}
{"timestamp":"2026-02-24T22:54:10.996232Z","level":"warning","event":"The `airflow.decorators.task` attribute is deprecated. Please use `'airflow.sdk.task'`.","category":"DeprecatedImportWarning","filename":"/opt/airflow/dags/dag_ecommerce_olist.py","lineno":5,"logger":"py.warnings"}
{"timestamp":"2026-02-24T22:54:41.645507Z","level":"info","event":"Filling up the DagBag from /opt/airflow/dags/dag_ecommerce_olist.py","logger":"airflow.models.dagbag.BundleDagBag","filename":"dagbag.py","lineno":593}
{"timestamp":"2026-02-24T22:54:41.744922Z","level":"warning","event":"The `airflow.decorators.dag` attribute is deprecated. Please use `'airflow.sdk.dag'`.","category":"DeprecatedImportWarning","filename":"/opt/airflow/dags/dag_ecommerce_olist.py","lineno":5,"logger":"py.warnings"}
{"timestamp":"2026-02-24T22:54:41.745308Z","level":"warning","event":"The `airflow.decorators.task` attribute is deprecated. Please use `'airflow.sdk.task'`.","category":"DeprecatedImportWarning","filename":"/opt/airflow/dags/dag_ecommerce_olist.py","lineno":5,"logger":"py.warnings"}
{"timestamp":"2026-02-24T22:55:12.915467Z","level":"info","event":"Filling up the DagBag from /opt/airflow/dags/dag_ecommerce_olist.py","logger":"airflow.models.dagbag.BundleDagBag","filename":"dagbag.py","lineno":593}
{"timestamp":"2026-02-24T22:55:12.998062Z","level":"warning","event":"The `airflow.decorators.dag` attribute is deprecated. Please use `'airflow.sdk.dag'`.","category":"DeprecatedImportWarning","filename":"/opt/airflow/dags/dag_ecommerce_olist.py","lineno":5,"logger":"py.warnings"}
{"timestamp":"2026-02-24T22:55:12.998647Z","level":"warning","event":"The `airflow.decorators.task` attribute is deprecated. Please use `'airflow.sdk.task'`.","category":"DeprecatedImportWarning","filename":"/opt/airflow/dags/dag_ecommerce_olist.py","lineno":5,"logger":"py.warnings"}
{"timestamp":"2026-02-24T22:55:43.638000Z","level":"info","event":"Filling up the DagBag from /opt/airflow/dags/dag_ecommerce_olist.py","logger":"airflow.models.dagbag.BundleDagBag","filename":"dagbag.py","lineno":593}
{"timestamp":"2026-02-24T22:55:43.696070Z","level":"warning","event":"The `airflow.decorators.dag` attribute is deprecated. Please use `'airflow.sdk.dag'`.","category":"DeprecatedImportWarning","filename":"/opt/airflow/dags/dag_ecommerce_olist.py","lineno":5,"logger":"py.warnings"}
{"timestamp":"2026-02-24T22:55:43.696380Z","level":"warning","event":"The `airflow.decorators.task` attribute is deprecated. Please use `'airflow.sdk.task'`.","category":"DeprecatedImportWarning","filename":"/opt/airflow/dags/dag_ecommerce_olist.py","lineno":5,"logger":"py.warnings"}
{"timestamp":"2026-02-24T22:56:14.268229Z","level":"info","event":"Filling up the DagBag from /opt/airflow/dags/dag_ecommerce_olist.py","logger":"airflow.models.dagbag.BundleDagBag","filename":"dagbag.py","lineno":593}
{"timestamp":"2026-02-24T22:56:14.345973Z","level":"warning","event":"The `airflow.decorators.dag` attribute is deprecated. Please use `'airflow.sdk.dag'`.","category":"DeprecatedImportWarning","filename":"/opt/airflow/dags/dag_ecommerce_olist.py","lineno":5,"logger":"py.warnings"}
{"timestamp":"2026-02-24T22:56:14.346450Z","level":"warning","event":"The `airflow.decorators.task` attribute is deprecated. Please use `'airflow.sdk.task'`.","category":"DeprecatedImportWarning","filename":"/opt/airflow/dags/dag_ecommerce_olist.py","lineno":5,"logger":"py.warnings"}
{"timestamp":"2026-02-24T22:56:44.835857Z","level":"info","event":"Filling up the DagBag from /opt/airflow/dags/dag_ecommerce_olist.py","logger":"airflow.models.dagbag.BundleDagBag","filename":"dagbag.py","lineno":593}
{"timestamp":"2026-02-24T22:56:44.931099Z","level":"warning","event":"The `airflow.decorators.dag` attribute is deprecated. Please use `'airflow.sdk.dag'`.","category":"DeprecatedImportWarning","filename":"/opt/airflow/dags/dag_ecommerce_olist.py","lineno":5,"logger":"py.warnings"}
{"timestamp":"2026-02-24T22:56:44.931510Z","level":"warning","event":"The `airflow.decorators.task` attribute is deprecated. Please use `'airflow.sdk.task'`.","category":"DeprecatedImportWarning","filename":"/opt/airflow/dags/dag_ecommerce_olist.py","lineno":5,"logger":"py.warnings"}
