{"timestamp":"2026-02-24T17:22:17.115775Z","level":"info","event":"DAG bundles loaded: dags-folder, example_dags","logger":"airflow.dag_processing.bundles.manager.DagBundlesManager","filename":"manager.py","lineno":179}
{"timestamp":"2026-02-24T17:22:17.117820Z","level":"info","event":"Filling up the DagBag from /opt/airflow/dags/dag_ecommerce_olist.py","logger":"airflow.models.dagbag.BundleDagBag","filename":"dagbag.py","lineno":593}
{"timestamp":"2026-02-24T17:22:17.300492Z","level":"info","event":"connection: postgresql://airflow:airflow@postgres:5432/db_ecommerce","logger":"task.stdout"}
{"timestamp":"2026-02-24T17:22:17.300814Z","level":"info","event":"--- Lendo dados da Gold: data/gold/fact_orders.parquet ---","logger":"task.stdout"}
{"timestamp":"2026-02-24T17:22:18.866388Z","level":"info","event":"--- Conectando ao Postgres e Iniciando Carga ---","logger":"task.stdout"}
{"timestamp":"2026-02-24T17:22:18.890283Z","level":"warning","event":"The `airflow.decorators.dag` attribute is deprecated. Please use `'airflow.sdk.dag'`.","category":"DeprecatedImportWarning","filename":"/opt/airflow/dags/dag_ecommerce_olist.py","lineno":5,"logger":"py.warnings"}
{"timestamp":"2026-02-24T17:22:18.893028Z","level":"warning","event":"The `airflow.decorators.task` attribute is deprecated. Please use `'airflow.sdk.task'`.","category":"DeprecatedImportWarning","filename":"/opt/airflow/dags/dag_ecommerce_olist.py","lineno":5,"logger":"py.warnings"}
{"timestamp":"2026-02-24T17:22:19.392415Z","level":"info","event":"Task instance is in running state","logger":"task.stdout"}
{"timestamp":"2026-02-24T17:22:19.392773Z","level":"info","event":" Previous state of the Task instance: TaskInstanceState.QUEUED","logger":"task.stdout"}
{"timestamp":"2026-02-24T17:22:19.392943Z","level":"info","event":"Current task name:extract_task","logger":"task.stdout"}
{"timestamp":"2026-02-24T17:22:19.393091Z","level":"info","event":"Dag name:etl_ecommerce_olist_v1","logger":"task.stdout"}
{"timestamp":"2026-02-24T17:22:19.403567Z","level":"info","event":"--- Lendo arquivo: data/bronze/olist_orders_dataset.csv ---","logger":"task.stdout"}
{"timestamp":"2026-02-24T17:22:22.441951Z","level":"info","event":"--- Salvando orders em Parquet ---","logger":"task.stdout"}
{"timestamp":"2026-02-24T17:30:13.556122Z","level":"info","event":"--- Extração concluída com sucesso! ---","logger":"task.stdout"}
{"timestamp":"2026-02-24T17:30:13.704859Z","level":"info","event":"--- Lendo arquivo: data/bronze/olist_order_item_dataset.csv ---","logger":"task.stdout"}
{"timestamp":"2026-02-24T17:30:13.717775Z","level":"error","event":"Task failed with exception","logger":"task","filename":"task_runner.py","lineno":1142,"error_detail":[{"exc_type":"FileNotFoundError","exc_value":"[Errno 2] No such file or directory: 'data/bronze/olist_order_item_dataset.csv'","exc_notes":[],"syntax_error":null,"is_cause":false,"frames":[{"filename":"/home/airflow/.local/lib/python3.12/site-packages/airflow/sdk/execution_time/task_runner.py","lineno":1068,"name":"run"},{"filename":"/home/airflow/.local/lib/python3.12/site-packages/airflow/sdk/execution_time/task_runner.py","lineno":1477,"name":"_execute_task"},{"filename":"/home/airflow/.local/lib/python3.12/site-packages/airflow/sdk/bases/operator.py","lineno":417,"name":"wrapper"},{"filename":"/home/airflow/.local/lib/python3.12/site-packages/airflow/sdk/bases/decorator.py","lineno":252,"name":"execute"},{"filename":"/home/airflow/.local/lib/python3.12/site-packages/airflow/sdk/bases/operator.py","lineno":417,"name":"wrapper"},{"filename":"/home/airflow/.local/lib/python3.12/site-packages/airflow/providers/standard/operators/python.py","lineno":228,"name":"execute"},{"filename":"/home/airflow/.local/lib/python3.12/site-packages/airflow/providers/standard/operators/python.py","lineno":251,"name":"execute_callable"},{"filename":"/home/airflow/.local/lib/python3.12/site-packages/airflow/sdk/execution_time/callback_runner.py","lineno":82,"name":"run"},{"filename":"/opt/airflow/dags/dag_ecommerce_olist.py","lineno":40,"name":"extract_task"},{"filename":"/opt/airflow/src/extract.py","lineno":19,"name":"extract_data"},{"filename":"/home/airflow/.local/lib/python3.12/site-packages/pandas/io/parsers/readers.py","lineno":1026,"name":"read_csv"},{"filename":"/home/airflow/.local/lib/python3.12/site-packages/pandas/io/parsers/readers.py","lineno":620,"name":"_read"},{"filename":"/home/airflow/.local/lib/python3.12/site-packages/pandas/io/parsers/readers.py","lineno":1620,"name":"__init__"},{"filename":"/home/airflow/.local/lib/python3.12/site-packages/pandas/io/parsers/readers.py","lineno":1880,"name":"_make_engine"},{"filename":"/home/airflow/.local/lib/python3.12/site-packages/pandas/io/common.py","lineno":873,"name":"get_handle"}],"is_group":false,"exceptions":[]}]}
{"timestamp":"2026-02-24T17:30:14.387468Z","level":"info","event":"Task instance in failure state","logger":"task.stdout"}
{"timestamp":"2026-02-24T17:30:14.390630Z","level":"info","event":"Task start","logger":"task.stdout"}
{"timestamp":"2026-02-24T17:30:14.393135Z","level":"info","event":"Task:<Task(_PythonDecoratedOperator): extract_task>","logger":"task.stdout"}
{"timestamp":"2026-02-24T17:30:14.393335Z","level":"info","event":"Failure caused by [Errno 2] No such file or directory: 'data/bronze/olist_order_item_dataset.csv'","logger":"task.stdout"}
